
====== Post-Fetch Health Report ======
UTC now: 2025-08-10 13:08:32 UTC
Parquet files: 3 | Size: 21.5 MB

-- Snapshot per timeframe --
timeframe   rows  distinct_symbols          max_ts_utc     max_ts_ms
       1h 426865               409 2025-08-10 13:00:00 1754830800000
       4h 394764               409 2025-08-10 12:00:00 1754827200000
       1d 311382               409 2025-08-10 00:00:00 1754784000000

-- Dupes summary (expect 0) --
timeframe  extra_rows_due_to_dupes
       1h                      0.0
       4h                      0.0
       1d                      0.0

-- Automated Checks --
✅ Freshness: 1h up to 2025-08-10 13:00:00 UTC (0:08:32.655328 ago) within 2h.
✅ Freshness: 4h up to 2025-08-10 12:00:00 UTC (1:08:32.655695 ago) within 8h.
✅ Freshness: 1d up to 2025-08-10 00:00:00 UTC (13:08:32.655870 ago) within 48h.
✅ Dupes: 0 extra rows across all timeframes.

Saved: fetch_snapshots/snapshot_20250810-130832.csv
Saved: fetch_snapshots/dupes_20250810-130832.csv
