[CRON START] 2025-08-26 22:05:01 UTC (ts=20250826-220501)
=== Run started at 20250826-220501 ===
>>> Running fetch at 20250826-220501...
ðŸ“¦ Fetch v3.0.0 started at 22:05:06 UTC
ðŸ”§ Full refresh: False, Workers: 5, Top N: 0
ðŸ“ Output dir: ohlcv_parquet, Timeframes: ['1h', '4h', '1d']
ðŸ“Š Fetched 517 symbols

âœ… 1h: 691765 rows

âœ… 4h: 540390 rows

âœ… 1d: 410915 rows
ðŸŽ¯ Done in 138.2s | Total rows: 1643070
>>> Running health check at 20250826-220501...

====== Post-Fetch Health Report ======
UTC now: 2025-08-26 22:07:27 UTC
Parquet files: 3 | Size: 31.6 MB

-- Snapshot per timeframe --
timeframe   rows  distinct_symbols          max_ts_utc     max_ts_ms
       1h 691765               517 2025-08-26 22:00:00 1756245600000
       4h 540390               517 2025-08-26 20:00:00 1756238400000
       1d 410915               517 2025-08-26 00:00:00 1756166400000

-- Dupes summary (expect 0) --
timeframe  extra_rows_due_to_dupes
       1h                      0.0
       4h                      0.0
       1d                      0.0

-- Automated Checks --
âœ… Freshness: 1h up to 2025-08-26 22:00:00 UTC (0:07:27.316477 ago) within 2h.
âœ… Freshness: 4h up to 2025-08-26 20:00:00 UTC (2:07:27.317705 ago) within 8h.
âœ… Freshness: 1d up to 2025-08-26 00:00:00 UTC (22:07:27.318419 ago) within 48h.
âœ… Dupes: 0 extra rows across all timeframes.

Saved: fetch_snapshots/snapshot_20250826-220727.csv
Saved: fetch_snapshots/dupes_20250826-220727.csv
=== Run completed at 20250826-220727 ===
