[CRON START] 2025-09-09 21:05:00 UTC (ts=20250909-210500)
=== Run started at 20250909-210500 ===
>>> Running fetch at 20250909-210500...
ðŸ“¦ Fetch v3.0.0 started at 21:05:03 UTC
ðŸ”§ Full refresh: False, Workers: 5, Top N: 0
ðŸ“ Output dir: ohlcv_parquet, Timeframes: ['1h', '4h', '1d']
ðŸ“Š Fetched 523 symbols

âœ… 1h: 828449 rows

âœ… 4h: 574667 rows

âœ… 1d: 416631 rows
ðŸŽ¯ Done in 146.6s | Total rows: 1819747
>>> Running health check at 20250909-210500...

====== Post-Fetch Health Report ======
UTC now: 2025-09-09 21:07:33 UTC
Parquet files: 3 | Size: 33.5 MB

-- Snapshot per timeframe --
timeframe   rows  distinct_symbols          max_ts_utc     max_ts_ms
       1h 828449               523 2025-09-09 21:00:00 1757451600000
       4h 574667               523 2025-09-09 20:00:00 1757448000000
       1d 416631               523 2025-09-09 00:00:00 1757376000000

-- Dupes summary (expect 0) --
timeframe  extra_rows_due_to_dupes
       1h                      0.0
       4h                      0.0
       1d                      0.0

-- Automated Checks --
âœ… Freshness: 1h up to 2025-09-09 21:00:00 UTC (0:07:33.071240 ago) within 2h.
âœ… Freshness: 4h up to 2025-09-09 20:00:00 UTC (1:07:33.072288 ago) within 8h.
âœ… Freshness: 1d up to 2025-09-09 00:00:00 UTC (21:07:33.072796 ago) within 48h.
âœ… Dupes: 0 extra rows across all timeframes.

Saved: fetch_snapshots/snapshot_20250909-210733.csv
Saved: fetch_snapshots/dupes_20250909-210733.csv
=== Run completed at 20250909-210733 ===
