[CRON START] 2025-08-15 13:05:00 UTC (ts=20250815-130500)
=== Run started at 20250815-130500 ===
>>> Running fetch at 20250815-130500...
ðŸ“¦ Fetch v3.0.0 started at 13:05:03 UTC
ðŸ”§ Full refresh: False, Workers: 5, Top N: 0
ðŸ“ Output dir: ohlcv_parquet, Timeframes: ['1h', '4h', '1d']
ðŸ“Š Fetched 410 symbols

âœ… 1h: 475273 rows

âœ… 4h: 406867 rows

âœ… 1d: 313400 rows
ðŸŽ¯ Done in 104.8s | Total rows: 1195540
>>> Running health check at 20250815-130500...

====== Post-Fetch Health Report ======
UTC now: 2025-08-15 13:06:50 UTC
Parquet files: 3 | Size: 22.7 MB

-- Snapshot per timeframe --
timeframe   rows  distinct_symbols          max_ts_utc     max_ts_ms
       1h 475273               410 2025-08-15 13:00:00 1755262800000
       4h 406867               410 2025-08-15 12:00:00 1755259200000
       1d 313400               410 2025-08-15 00:00:00 1755216000000

-- Dupes summary (expect 0) --
timeframe  extra_rows_due_to_dupes
       1h                      0.0
       4h                      0.0
       1d                      0.0

-- Automated Checks --
âœ… Freshness: 1h up to 2025-08-15 13:00:00 UTC (0:06:50.372379 ago) within 2h.
âœ… Freshness: 4h up to 2025-08-15 12:00:00 UTC (1:06:50.373158 ago) within 8h.
âœ… Freshness: 1d up to 2025-08-15 00:00:00 UTC (13:06:50.373643 ago) within 48h.
âœ… Dupes: 0 extra rows across all timeframes.

Saved: fetch_snapshots/snapshot_20250815-130650.csv
Saved: fetch_snapshots/dupes_20250815-130650.csv
=== Run completed at 20250815-130650 ===
