[CRON START] 2025-08-30 19:05:01 UTC (ts=20250830-190500)
=== Run started at 20250830-190500 ===
>>> Running fetch at 20250830-190500...
📦 Fetch v3.0.0 started at 19:21:07 UTC
🔧 Full refresh: False, Workers: 5, Top N: 0
📁 Output dir: ohlcv_parquet, Timeframes: ['1h', '4h', '1d']
>>> Running health check at 20250830-190500...

====== Post-Fetch Health Report ======
UTC now: 2025-08-30 19:22:43 UTC
Parquet files: 3 | Size: 32.7 MB

-- Snapshot per timeframe --
timeframe   rows  distinct_symbols          max_ts_utc     max_ts_ms
       1h 728721               519 2025-08-30 17:00:00 1756573200000
       4h 549732               519 2025-08-30 16:00:00 1756569600000
       1d 412541               519 2025-08-30 00:00:00 1756512000000

-- Dupes summary (expect 0) --
timeframe  extra_rows_due_to_dupes
       1h                      0.0
       4h                      0.0
       1d                      0.0

-- Automated Checks --
⚠️ Freshness: 1h last candle at 2025-08-30 17:00:00 UTC (2:22:43.018713 ago) exceeds 2h.
✅ Freshness: 4h up to 2025-08-30 16:00:00 UTC (3:22:43.019356 ago) within 8h.
✅ Freshness: 1d up to 2025-08-30 00:00:00 UTC (19:22:43.019846 ago) within 48h.
✅ Dupes: 0 extra rows across all timeframes.

Saved: fetch_snapshots/snapshot_20250830-192243.csv
Saved: fetch_snapshots/dupes_20250830-192243.csv
=== Run completed at 20250830-192243 ===
