[CRON START] 2025-09-13 11:05:00 UTC (ts=20250913-110500)
=== Run started at 20250913-110500 ===
>>> Running fetch at 20250913-110500...
ðŸ“¦ Fetch v3.0.0 started at 11:05:04 UTC
ðŸ”§ Full refresh: False, Workers: 5, Top N: 0
ðŸ“ Output dir: ohlcv_parquet, Timeframes: ['1h', '4h', '1d']
ðŸ“Š Fetched 526 symbols

âœ… 1h: 864485 rows

âœ… 4h: 583865 rows

âœ… 1d: 418811 rows
ðŸŽ¯ Done in 128.4s | Total rows: 1867161
>>> Running health check at 20250913-110500...

====== Post-Fetch Health Report ======
UTC now: 2025-09-13 11:07:14 UTC
Parquet files: 3 | Size: 35.2 MB

-- Snapshot per timeframe --
timeframe   rows  distinct_symbols          max_ts_utc     max_ts_ms
       1h 864485               526 2025-09-13 11:00:00 1757761200000
       4h 583865               526 2025-09-13 08:00:00 1757750400000
       1d 418811               526 2025-09-13 00:00:00 1757721600000

-- Dupes summary (expect 0) --
timeframe  extra_rows_due_to_dupes
       1h                      0.0
       4h                      0.0
       1d                      0.0

-- Automated Checks --
âœ… Freshness: 1h up to 2025-09-13 11:00:00 UTC (0:07:14.849560 ago) within 2h.
âœ… Freshness: 4h up to 2025-09-13 08:00:00 UTC (3:07:14.850144 ago) within 8h.
âœ… Freshness: 1d up to 2025-09-13 00:00:00 UTC (11:07:14.850694 ago) within 48h.
âœ… Dupes: 0 extra rows across all timeframes.

Saved: fetch_snapshots/snapshot_20250913-110714.csv
Saved: fetch_snapshots/dupes_20250913-110714.csv
=== Run completed at 20250913-110714 ===
