[CRON START] 2025-09-10 00:05:01 UTC (ts=20250910-000501)
=== Run started at 20250910-000501 ===
>>> Running fetch at 20250910-000501...
ðŸ“¦ Fetch v3.0.0 started at 00:05:04 UTC
ðŸ”§ Full refresh: False, Workers: 5, Top N: 0
ðŸ“ Output dir: ohlcv_parquet, Timeframes: ['1h', '4h', '1d']
ðŸ“Š Fetched 523 symbols

âœ… 1h: 829682 rows

âœ… 4h: 575078 rows

âœ… 1d: 417042 rows
ðŸŽ¯ Done in 133.8s | Total rows: 1821802
>>> Running health check at 20250910-000501...

====== Post-Fetch Health Report ======
UTC now: 2025-09-10 00:07:20 UTC
Parquet files: 3 | Size: 34.7 MB

-- Snapshot per timeframe --
timeframe   rows  distinct_symbols max_ts_utc     max_ts_ms
       1h 829682               523 2025-09-10 1757462400000
       4h 575078               523 2025-09-10 1757462400000
       1d 417042               523 2025-09-10 1757462400000

-- Dupes summary (expect 0) --
timeframe  extra_rows_due_to_dupes
       1h                      0.0
       4h                      0.0
       1d                      0.0

-- Automated Checks --
âœ… Freshness: 1h up to 2025-09-10 00:00:00 UTC (0:07:20.677966 ago) within 2h.
âœ… Freshness: 4h up to 2025-09-10 00:00:00 UTC (0:07:20.678788 ago) within 8h.
âœ… Freshness: 1d up to 2025-09-10 00:00:00 UTC (0:07:20.679264 ago) within 48h.
âœ… Dupes: 0 extra rows across all timeframes.

Saved: fetch_snapshots/snapshot_20250910-000720.csv
Saved: fetch_snapshots/dupes_20250910-000720.csv
=== Run completed at 20250910-000720 ===
