[CRON START] 2025-08-27 01:05:00 UTC (ts=20250827-010500)
=== Run started at 20250827-010500 ===
>>> Running fetch at 20250827-010500...
ðŸ“¦ Fetch v3.0.0 started at 01:05:07 UTC
ðŸ”§ Full refresh: False, Workers: 5, Top N: 0
ðŸ“ Output dir: ohlcv_parquet, Timeframes: ['1h', '4h', '1d']
ðŸ“Š Fetched 517 symbols

âœ… 1h: 692980 rows

âœ… 4h: 540795 rows

âœ… 1d: 411320 rows
ðŸŽ¯ Done in 130.6s | Total rows: 1645095
>>> Running health check at 20250827-010500...

====== Post-Fetch Health Report ======
UTC now: 2025-08-27 01:07:20 UTC
Parquet files: 3 | Size: 31.4 MB

-- Snapshot per timeframe --
timeframe   rows  distinct_symbols          max_ts_utc     max_ts_ms
       1h 692980               517 2025-08-27 01:00:00 1756256400000
       4h 540795               517 2025-08-27 00:00:00 1756252800000
       1d 411320               517 2025-08-27 00:00:00 1756252800000

-- Dupes summary (expect 0) --
timeframe  extra_rows_due_to_dupes
       1h                      0.0
       4h                      0.0
       1d                      0.0

-- Automated Checks --
âœ… Freshness: 1h up to 2025-08-27 01:00:00 UTC (0:07:20.878620 ago) within 2h.
âœ… Freshness: 4h up to 2025-08-27 00:00:00 UTC (1:07:20.879255 ago) within 8h.
âœ… Freshness: 1d up to 2025-08-27 00:00:00 UTC (1:07:20.879736 ago) within 48h.
âœ… Dupes: 0 extra rows across all timeframes.

Saved: fetch_snapshots/snapshot_20250827-010720.csv
Saved: fetch_snapshots/dupes_20250827-010720.csv
=== Run completed at 20250827-010721 ===
