[CRON START] 2025-09-10 05:05:01 UTC (ts=20250910-050501)
=== Run started at 20250910-050501 ===
>>> Running fetch at 20250910-050501...
📦 Fetch v3.0.0 started at 05:05:04 UTC
🔧 Full refresh: False, Workers: 5, Top N: 0
📁 Output dir: ohlcv_parquet, Timeframes: ['1h', '4h', '1d']
>>> Running health check at 20250910-050501...

====== Post-Fetch Health Report ======
UTC now: 2025-09-10 05:05:12 UTC
Parquet files: 3 | Size: 34.2 MB

-- Snapshot per timeframe --
timeframe   rows  distinct_symbols          max_ts_utc     max_ts_ms
       1h 830093               523 2025-09-10 01:00:00 1757466000000
       4h 575078               523 2025-09-10 00:00:00 1757462400000
       1d 417042               523 2025-09-10 00:00:00 1757462400000

-- Dupes summary (expect 0) --
timeframe  extra_rows_due_to_dupes
       1h                      0.0
       4h                      0.0
       1d                      0.0

-- Automated Checks --
⚠️ Freshness: 1h last candle at 2025-09-10 01:00:00 UTC (4:05:12.977137 ago) exceeds 2h.
✅ Freshness: 4h up to 2025-09-10 00:00:00 UTC (5:05:12.977784 ago) within 8h.
✅ Freshness: 1d up to 2025-09-10 00:00:00 UTC (5:05:12.978382 ago) within 48h.
✅ Dupes: 0 extra rows across all timeframes.

Saved: fetch_snapshots/snapshot_20250910-050512.csv
Saved: fetch_snapshots/dupes_20250910-050512.csv
=== Run completed at 20250910-050513 ===
