[CRON START] 2025-08-20 19:05:01 UTC (ts=20250820-190500)
=== Run started at 20250820-190500 ===
>>> Running fetch at 20250820-190500...
ðŸ“¦ Fetch v3.0.0 started at 19:05:04 UTC
ðŸ”§ Full refresh: False, Workers: 5, Top N: 0
ðŸ“ Output dir: ohlcv_parquet, Timeframes: ['1h', '4h', '1d']
ðŸ“Š Fetched 517 symbols

âœ… 1h: 632230 rows

âœ… 4h: 525405 rows

âœ… 1d: 408485 rows
ðŸŽ¯ Done in 123.2s | Total rows: 1566120
>>> Running health check at 20250820-190500...

====== Post-Fetch Health Report ======
UTC now: 2025-08-20 19:07:10 UTC
Parquet files: 3 | Size: 30.6 MB

-- Snapshot per timeframe --
timeframe   rows  distinct_symbols          max_ts_utc     max_ts_ms
       1h 632230               517 2025-08-20 19:00:00 1755716400000
       4h 525405               517 2025-08-20 16:00:00 1755705600000
       1d 408485               517 2025-08-20 00:00:00 1755648000000

-- Dupes summary (expect 0) --
timeframe  extra_rows_due_to_dupes
       1h                      0.0
       4h                      0.0
       1d                      0.0

-- Automated Checks --
âœ… Freshness: 1h up to 2025-08-20 19:00:00 UTC (0:07:10.180498 ago) within 2h.
âœ… Freshness: 4h up to 2025-08-20 16:00:00 UTC (3:07:10.181560 ago) within 8h.
âœ… Freshness: 1d up to 2025-08-20 00:00:00 UTC (19:07:10.182230 ago) within 48h.
âœ… Dupes: 0 extra rows across all timeframes.

Saved: fetch_snapshots/snapshot_20250820-190710.csv
Saved: fetch_snapshots/dupes_20250820-190710.csv
=== Run completed at 20250820-190710 ===
