[CRON START] 2025-08-21 22:05:00 UTC (ts=20250821-220500)
=== Run started at 20250821-220500 ===
>>> Running fetch at 20250821-220500...
ðŸ“¦ Fetch v3.0.0 started at 22:05:03 UTC
ðŸ”§ Full refresh: False, Workers: 5, Top N: 0
ðŸ“ Output dir: ohlcv_parquet, Timeframes: ['1h', '4h', '1d']
ðŸ“Š Fetched 517 symbols

âœ… 1h: 643165 rows

âœ… 4h: 528240 rows

âœ… 1d: 408890 rows
ðŸŽ¯ Done in 1082.2s | Total rows: 1580295
>>> Running health check at 20250821-220500...

====== Post-Fetch Health Report ======
UTC now: 2025-08-21 22:23:08 UTC
Parquet files: 3 | Size: 30.7 MB

-- Snapshot per timeframe --
timeframe   rows  distinct_symbols          max_ts_utc     max_ts_ms
       1h 643165               517 2025-08-21 22:00:00 1755813600000
       4h 528240               517 2025-08-21 20:00:00 1755806400000
       1d 408890               517 2025-08-21 00:00:00 1755734400000

-- Dupes summary (expect 0) --
timeframe  extra_rows_due_to_dupes
       1h                      0.0
       4h                      0.0
       1d                      0.0

-- Automated Checks --
âœ… Freshness: 1h up to 2025-08-21 22:00:00 UTC (0:23:08.568165 ago) within 2h.
âœ… Freshness: 4h up to 2025-08-21 20:00:00 UTC (2:23:08.569266 ago) within 8h.
âœ… Freshness: 1d up to 2025-08-21 00:00:00 UTC (22:23:08.569780 ago) within 48h.
âœ… Dupes: 0 extra rows across all timeframes.

Saved: fetch_snapshots/snapshot_20250821-222308.csv
Saved: fetch_snapshots/dupes_20250821-222308.csv
=== Run completed at 20250821-222308 ===
