[CRON START] 2025-08-30 17:05:01 UTC (ts=20250830-170501)
=== Run started at 20250830-170501 ===
>>> Running fetch at 20250830-170501...
ðŸ“¦ Fetch v3.0.0 started at 17:05:08 UTC
ðŸ”§ Full refresh: False, Workers: 5, Top N: 0
ðŸ“ Output dir: ohlcv_parquet, Timeframes: ['1h', '4h', '1d']
ðŸ“Š Fetched 519 symbols

âœ… 1h: 728721 rows

âœ… 4h: 549732 rows

âœ… 1d: 412541 rows
ðŸŽ¯ Done in 140.6s | Total rows: 1690994
>>> Running health check at 20250830-170501...

====== Post-Fetch Health Report ======
UTC now: 2025-08-30 17:07:31 UTC
Parquet files: 3 | Size: 32.7 MB

-- Snapshot per timeframe --
timeframe   rows  distinct_symbols          max_ts_utc     max_ts_ms
       1h 728721               519 2025-08-30 17:00:00 1756573200000
       4h 549732               519 2025-08-30 16:00:00 1756569600000
       1d 412541               519 2025-08-30 00:00:00 1756512000000

-- Dupes summary (expect 0) --
timeframe  extra_rows_due_to_dupes
       1h                      0.0
       4h                      0.0
       1d                      0.0

-- Automated Checks --
âœ… Freshness: 1h up to 2025-08-30 17:00:00 UTC (0:07:31.784556 ago) within 2h.
âœ… Freshness: 4h up to 2025-08-30 16:00:00 UTC (1:07:31.785235 ago) within 8h.
âœ… Freshness: 1d up to 2025-08-30 00:00:00 UTC (17:07:31.785811 ago) within 48h.
âœ… Dupes: 0 extra rows across all timeframes.

Saved: fetch_snapshots/snapshot_20250830-170731.csv
Saved: fetch_snapshots/dupes_20250830-170731.csv
=== Run completed at 20250830-170731 ===
