[CRON START] 2025-08-27 03:05:08 UTC (ts=20250827-030508)
=== Run started at 20250827-030508 ===
>>> Running fetch at 20250827-030508...
📦 Fetch v3.0.0 started at 03:05:14 UTC
🔧 Full refresh: False, Workers: 5, Top N: 0
📁 Output dir: ohlcv_parquet, Timeframes: ['1h', '4h', '1d']
>>> Running health check at 20250827-030508...

====== Post-Fetch Health Report ======
UTC now: 2025-08-27 04:27:03 UTC
Parquet files: 3 | Size: 32.0 MB

-- Snapshot per timeframe --
timeframe   rows  distinct_symbols          max_ts_utc     max_ts_ms
       1h 693385               517 2025-08-27 02:00:00 1756260000000
       4h 540795               517 2025-08-27 00:00:00 1756252800000
       1d 411320               517 2025-08-27 00:00:00 1756252800000

-- Dupes summary (expect 0) --
timeframe  extra_rows_due_to_dupes
       1h                      0.0
       4h                      0.0
       1d                      0.0

-- Automated Checks --
⚠️ Freshness: 1h last candle at 2025-08-27 02:00:00 UTC (2:27:03.268567 ago) exceeds 2h.
✅ Freshness: 4h up to 2025-08-27 00:00:00 UTC (4:27:03.269340 ago) within 8h.
✅ Freshness: 1d up to 2025-08-27 00:00:00 UTC (4:27:03.269827 ago) within 48h.
✅ Dupes: 0 extra rows across all timeframes.

Saved: fetch_snapshots/snapshot_20250827-042703.csv
Saved: fetch_snapshots/dupes_20250827-042703.csv
=== Run completed at 20250827-044218 ===
