[CRON START] 2025-08-16 16:13:14 UTC (ts=20250816-161314)
=== Run started at 20250816-161314 ===
>>> Running fetch at 20250816-161314...
📦 Fetch v3.0.0 started at 16:13:17 UTC
🔧 Full refresh: False, Workers: 5, Top N: 0
📁 Output dir: ohlcv_parquet, Timeframes: ['1h', '4h', '1d']
📊 Fetched 410 symbols

✅ 1h: 486181 rows

✅ 4h: 409695 rows

✅ 1d: 313804 rows
🎯 Done in 7326.1s | Total rows: 1209680
>>> Running health check at 20250816-161314...

====== Post-Fetch Health Report ======
UTC now: 2025-08-16 18:15:25 UTC
Parquet files: 3 | Size: 23.6 MB

-- Snapshot per timeframe --
timeframe   rows  distinct_symbols          max_ts_utc     max_ts_ms
       1h 486181               410 2025-08-16 16:00:00 1755360000000
       4h 409695               410 2025-08-16 16:00:00 1755360000000
       1d 313804               410 2025-08-16 00:00:00 1755302400000

-- Dupes summary (expect 0) --
timeframe  extra_rows_due_to_dupes
       1h                      0.0
       4h                      0.0
       1d                      0.0

-- Automated Checks --
⚠️ Freshness: 1h last candle at 2025-08-16 16:00:00 UTC (2:15:25.899352 ago) exceeds 2h.
✅ Freshness: 4h up to 2025-08-16 16:00:00 UTC (2:15:25.900011 ago) within 8h.
✅ Freshness: 1d up to 2025-08-16 00:00:00 UTC (18:15:25.900516 ago) within 48h.
✅ Dupes: 0 extra rows across all timeframes.

Saved: fetch_snapshots/snapshot_20250816-181525.csv
Saved: fetch_snapshots/dupes_20250816-181525.csv
=== Run completed at 20250816-181526 ===
