[CRON START] 2025-08-22 23:05:00 UTC (ts=20250822-230500)
=== Run started at 20250822-230500 ===
>>> Running fetch at 20250822-230500...
ðŸ“¦ Fetch v3.0.0 started at 23:05:03 UTC
ðŸ”§ Full refresh: False, Workers: 5, Top N: 0
ðŸ“ Output dir: ohlcv_parquet, Timeframes: ['1h', '4h', '1d']
ðŸ“Š Fetched 517 symbols

âœ… 1h: 653290 rows

âœ… 4h: 530670 rows

âœ… 1d: 409295 rows
ðŸŽ¯ Done in 189.6s | Total rows: 1593255
>>> Running health check at 20250822-230500...

====== Post-Fetch Health Report ======
UTC now: 2025-08-22 23:08:15 UTC
Parquet files: 3 | Size: 30.4 MB

-- Snapshot per timeframe --
timeframe   rows  distinct_symbols          max_ts_utc     max_ts_ms
       1h 653290               517 2025-08-22 23:00:00 1755903600000
       4h 530670               517 2025-08-22 20:00:00 1755892800000
       1d 409295               517 2025-08-22 00:00:00 1755820800000

-- Dupes summary (expect 0) --
timeframe  extra_rows_due_to_dupes
       1h                      0.0
       4h                      0.0
       1d                      0.0

-- Automated Checks --
âœ… Freshness: 1h up to 2025-08-22 23:00:00 UTC (0:08:15.969525 ago) within 2h.
âœ… Freshness: 4h up to 2025-08-22 20:00:00 UTC (3:08:15.970531 ago) within 8h.
âœ… Freshness: 1d up to 2025-08-22 00:00:00 UTC (23:08:15.971075 ago) within 48h.
âœ… Dupes: 0 extra rows across all timeframes.

Saved: fetch_snapshots/snapshot_20250822-230815.csv
Saved: fetch_snapshots/dupes_20250822-230815.csv
=== Run completed at 20250822-230816 ===
