[CRON START] 2025-09-13 10:42:09 UTC (ts=20250913-104209)
=== Run started at 20250913-104209 ===
>>> Running fetch at 20250913-104209...
ðŸ“¦ Fetch v3.0.0 started at 10:42:11 UTC
ðŸ”§ Full refresh: False, Workers: 5, Top N: 0
ðŸ“ Output dir: ohlcv_parquet, Timeframes: ['1h', '4h', '1d']
ðŸ“Š Fetched 526 symbols

âœ… 1h: 863545 rows

âœ… 4h: 583339 rows

âœ… 1d: 418285 rows
ðŸŽ¯ Done in 119.6s | Total rows: 1865169
>>> Running health check at 20250913-104209...

====== Post-Fetch Health Report ======
UTC now: 2025-09-13 10:44:11 UTC
Parquet files: 3 | Size: 35.4 MB

-- Snapshot per timeframe --
timeframe   rows  distinct_symbols          max_ts_utc     max_ts_ms
       1h 863545               526 2025-09-13 10:00:00 1757757600000
       4h 583339               526 2025-09-13 08:00:00 1757750400000
       1d 418285               526 2025-09-13 00:00:00 1757721600000

-- Dupes summary (expect 0) --
timeframe  extra_rows_due_to_dupes
       1h                      0.0
       4h                      0.0
       1d                      0.0

-- Automated Checks --
âœ… Freshness: 1h up to 2025-09-13 10:00:00 UTC (0:44:11.773143 ago) within 2h.
âœ… Freshness: 4h up to 2025-09-13 08:00:00 UTC (2:44:11.773551 ago) within 8h.
âœ… Freshness: 1d up to 2025-09-13 00:00:00 UTC (10:44:11.773725 ago) within 48h.
âœ… Dupes: 0 extra rows across all timeframes.

Saved: fetch_snapshots/snapshot_20250913-104411.csv
Saved: fetch_snapshots/dupes_20250913-104411.csv
=== Run completed at 20250913-104411 ===
