[CRON START] 2025-08-28 16:05:00 UTC (ts=20250828-160500)
=== Run started at 20250828-160500 ===
>>> Running fetch at 20250828-160500...
ðŸ“¦ Fetch v3.0.0 started at 16:05:07 UTC
ðŸ”§ Full refresh: False, Workers: 5, Top N: 0
ðŸ“ Output dir: ohlcv_parquet, Timeframes: ['1h', '4h', '1d']
ðŸ“Š Fetched 518 symbols

âœ… 1h: 708800 rows

âœ… 4h: 544852 rows

âœ… 1d: 411727 rows
ðŸŽ¯ Done in 121.2s | Total rows: 1665379
>>> Running health check at 20250828-160500...

====== Post-Fetch Health Report ======
UTC now: 2025-08-28 16:07:11 UTC
Parquet files: 3 | Size: 32.5 MB

-- Snapshot per timeframe --
timeframe   rows  distinct_symbols          max_ts_utc     max_ts_ms
       1h 708800               518 2025-08-28 16:00:00 1756396800000
       4h 544852               518 2025-08-28 16:00:00 1756396800000
       1d 411727               518 2025-08-28 00:00:00 1756339200000

-- Dupes summary (expect 0) --
timeframe  extra_rows_due_to_dupes
       1h                      0.0
       4h                      0.0
       1d                      0.0

-- Automated Checks --
âœ… Freshness: 1h up to 2025-08-28 16:00:00 UTC (0:07:11.755356 ago) within 2h.
âœ… Freshness: 4h up to 2025-08-28 16:00:00 UTC (0:07:11.755930 ago) within 8h.
âœ… Freshness: 1d up to 2025-08-28 00:00:00 UTC (16:07:11.756440 ago) within 48h.
âœ… Dupes: 0 extra rows across all timeframes.

Saved: fetch_snapshots/snapshot_20250828-160711.csv
Saved: fetch_snapshots/dupes_20250828-160711.csv
=== Run completed at 20250828-160711 ===
