[CRON START] 2025-08-15 16:05:11 UTC (ts=20250815-160511)
=== Run started at 20250815-160511 ===
>>> Running fetch at 20250815-160511...
ðŸ“¦ Fetch v3.0.0 started at 16:05:13 UTC
ðŸ”§ Full refresh: False, Workers: 5, Top N: 0
ðŸ“ Output dir: ohlcv_parquet, Timeframes: ['1h', '4h', '1d']
ðŸ“Š Fetched 410 symbols

âœ… 1h: 476485 rows

âœ… 4h: 407271 rows

âœ… 1d: 313400 rows
ðŸŽ¯ Done in 1085.9s | Total rows: 1197156
>>> Running health check at 20250815-160511...

====== Post-Fetch Health Report ======
UTC now: 2025-08-15 16:23:21 UTC
Parquet files: 3 | Size: 23.4 MB

-- Snapshot per timeframe --
timeframe   rows  distinct_symbols          max_ts_utc     max_ts_ms
       1h 476485               410 2025-08-15 16:00:00 1755273600000
       4h 407271               410 2025-08-15 16:00:00 1755273600000
       1d 313400               410 2025-08-15 00:00:00 1755216000000

-- Dupes summary (expect 0) --
timeframe  extra_rows_due_to_dupes
       1h                      0.0
       4h                      0.0
       1d                      0.0

-- Automated Checks --
âœ… Freshness: 1h up to 2025-08-15 16:00:00 UTC (0:23:21.672558 ago) within 2h.
âœ… Freshness: 4h up to 2025-08-15 16:00:00 UTC (0:23:21.673799 ago) within 8h.
âœ… Freshness: 1d up to 2025-08-15 00:00:00 UTC (16:23:21.674320 ago) within 48h.
âœ… Dupes: 0 extra rows across all timeframes.

Saved: fetch_snapshots/snapshot_20250815-162321.csv
Saved: fetch_snapshots/dupes_20250815-162321.csv
=== Run completed at 20250815-162321 ===
