[CRON START] 2025-09-09 23:05:00 UTC (ts=20250909-230500)
=== Run started at 20250909-230500 ===
>>> Running fetch at 20250909-230500...
ðŸ“¦ Fetch v3.0.0 started at 23:05:03 UTC
ðŸ”§ Full refresh: False, Workers: 5, Top N: 0
ðŸ“ Output dir: ohlcv_parquet, Timeframes: ['1h', '4h', '1d']
ðŸ“Š Fetched 523 symbols

âœ… 1h: 829271 rows

âœ… 4h: 574667 rows

âœ… 1d: 416631 rows
ðŸŽ¯ Done in 133.6s | Total rows: 1820569
>>> Running health check at 20250909-230500...

====== Post-Fetch Health Report ======
UTC now: 2025-09-09 23:07:19 UTC
Parquet files: 3 | Size: 34.3 MB

-- Snapshot per timeframe --
timeframe   rows  distinct_symbols          max_ts_utc     max_ts_ms
       1h 829271               523 2025-09-09 23:00:00 1757458800000
       4h 574667               523 2025-09-09 20:00:00 1757448000000
       1d 416631               523 2025-09-09 00:00:00 1757376000000

-- Dupes summary (expect 0) --
timeframe  extra_rows_due_to_dupes
       1h                      0.0
       4h                      0.0
       1d                      0.0

-- Automated Checks --
âœ… Freshness: 1h up to 2025-09-09 23:00:00 UTC (0:07:19.696410 ago) within 2h.
âœ… Freshness: 4h up to 2025-09-09 20:00:00 UTC (3:07:19.697382 ago) within 8h.
âœ… Freshness: 1d up to 2025-09-09 00:00:00 UTC (23:07:19.697872 ago) within 48h.
âœ… Dupes: 0 extra rows across all timeframes.

Saved: fetch_snapshots/snapshot_20250909-230719.csv
Saved: fetch_snapshots/dupes_20250909-230719.csv
=== Run completed at 20250909-230719 ===
