[CRON START] 2025-09-07 21:05:00 UTC (ts=20250907-210500)
=== Run started at 20250907-210500 ===
>>> Running fetch at 20250907-210500...
ðŸ“¦ Fetch v3.0.0 started at 21:05:05 UTC
ðŸ”§ Full refresh: False, Workers: 5, Top N: 0
ðŸ“ Output dir: ohlcv_parquet, Timeframes: ['1h', '4h', '1d']
ðŸ“Š Fetched 521 symbols

âœ… 1h: 808774 rows

âœ… 4h: 569747 rows

âœ… 1d: 415810 rows
ðŸŽ¯ Done in 135.0s | Total rows: 1794331
>>> Running health check at 20250907-210500...

====== Post-Fetch Health Report ======
UTC now: 2025-09-07 21:07:23 UTC
Parquet files: 3 | Size: 33.0 MB

-- Snapshot per timeframe --
timeframe   rows  distinct_symbols          max_ts_utc     max_ts_ms
       1h 808774               521 2025-09-07 21:00:00 1757278800000
       4h 569747               521 2025-09-07 20:00:00 1757275200000
       1d 415810               521 2025-09-07 00:00:00 1757203200000

-- Dupes summary (expect 0) --
timeframe  extra_rows_due_to_dupes
       1h                      0.0
       4h                      0.0
       1d                      0.0

-- Automated Checks --
âœ… Freshness: 1h up to 2025-09-07 21:00:00 UTC (0:07:23.177100 ago) within 2h.
âœ… Freshness: 4h up to 2025-09-07 20:00:00 UTC (1:07:23.178082 ago) within 8h.
âœ… Freshness: 1d up to 2025-09-07 00:00:00 UTC (21:07:23.178570 ago) within 48h.
âœ… Dupes: 0 extra rows across all timeframes.

Saved: fetch_snapshots/snapshot_20250907-210723.csv
Saved: fetch_snapshots/dupes_20250907-210723.csv
=== Run completed at 20250907-210723 ===
