[CRON START] 2025-09-13 11:06:12 UTC (ts=20250913-110612)
=== Run started at 20250913-110612 ===
>>> Running fetch at 20250913-110612...
📦 Fetch v3.0.0 started at 11:06:13 UTC
🔧 Full refresh: False, Workers: 5, Top N: 0
📁 Output dir: ohlcv_parquet, Timeframes: ['1h', '4h', '1d']
📊 Fetched 526 symbols

✅ 1h: 518845 rows

✅ 4h: 505192 rows

✅ 1d: 410187 rows
🎯 Done in 229.5s | Total rows: 1434224
>>> Running health check at 20250913-110612...

====== Post-Fetch Health Report ======
UTC now: 2025-09-13 11:10:03 UTC
Parquet files: 3 | Size: 28.0 MB

-- Snapshot per timeframe --
timeframe   rows  distinct_symbols          max_ts_utc     max_ts_ms
       1h 518845               526 2025-09-11 12:00:00 1757592000000
       4h 505192               526 2025-09-11 12:00:00 1757592000000
       1d 410187               526 2025-09-11 00:00:00 1757548800000

-- Dupes summary (expect 0) --
timeframe  extra_rows_due_to_dupes
       1h                 517792.0
       4h                 504139.0
       1d                 409134.0

-- Automated Checks --
⚠️ Freshness: 1h last candle at 2025-09-11 12:00:00 UTC (1 day, 23:10:03.872288 ago) exceeds 2h.
⚠️ Freshness: 4h last candle at 2025-09-11 12:00:00 UTC (1 day, 23:10:03.872497 ago) exceeds 8h.
⚠️ Freshness: 1d last candle at 2025-09-11 00:00:00 UTC (2 days, 11:10:03.872667 ago) exceeds 48h.
❌ Dupes detected: 1431065 extra rows. Recommend de-dup/compaction.

Saved: fetch_snapshots/snapshot_20250913-111003.csv
Saved: fetch_snapshots/dupes_20250913-111003.csv
=== Run completed at 20250913-111003 ===
