[CRON START] 2025-08-21 21:05:00 UTC (ts=20250821-210500)
=== Run started at 20250821-210500 ===
>>> Running fetch at 20250821-210500...
ðŸ“¦ Fetch v3.0.0 started at 21:05:03 UTC
ðŸ”§ Full refresh: False, Workers: 5, Top N: 0
ðŸ“ Output dir: ohlcv_parquet, Timeframes: ['1h', '4h', '1d']
ðŸ“Š Fetched 517 symbols

âœ… 1h: 642760 rows

âœ… 4h: 528240 rows

âœ… 1d: 408890 rows
ðŸŽ¯ Done in 131.1s | Total rows: 1579890
>>> Running health check at 20250821-210500...

====== Post-Fetch Health Report ======
UTC now: 2025-08-21 21:07:17 UTC
Parquet files: 3 | Size: 30.0 MB

-- Snapshot per timeframe --
timeframe   rows  distinct_symbols          max_ts_utc     max_ts_ms
       1h 642760               517 2025-08-21 21:00:00 1755810000000
       4h 528240               517 2025-08-21 20:00:00 1755806400000
       1d 408890               517 2025-08-21 00:00:00 1755734400000

-- Dupes summary (expect 0) --
timeframe  extra_rows_due_to_dupes
       1h                      0.0
       4h                      0.0
       1d                      0.0

-- Automated Checks --
âœ… Freshness: 1h up to 2025-08-21 21:00:00 UTC (0:07:17.338215 ago) within 2h.
âœ… Freshness: 4h up to 2025-08-21 20:00:00 UTC (1:07:17.339182 ago) within 8h.
âœ… Freshness: 1d up to 2025-08-21 00:00:00 UTC (21:07:17.339673 ago) within 48h.
âœ… Dupes: 0 extra rows across all timeframes.

Saved: fetch_snapshots/snapshot_20250821-210717.csv
Saved: fetch_snapshots/dupes_20250821-210717.csv
=== Run completed at 20250821-210717 ===
