[CRON START] 2025-09-10 01:05:00 UTC (ts=20250910-010500)
=== Run started at 20250910-010500 ===
>>> Running fetch at 20250910-010500...
ðŸ“¦ Fetch v3.0.0 started at 01:05:03 UTC
ðŸ”§ Full refresh: False, Workers: 5, Top N: 0
ðŸ“ Output dir: ohlcv_parquet, Timeframes: ['1h', '4h', '1d']
ðŸ“Š Fetched 523 symbols

âœ… 1h: 830093 rows

âœ… 4h: 575078 rows

âœ… 1d: 417042 rows
ðŸŽ¯ Done in 159.5s | Total rows: 1822213
>>> Running health check at 20250910-010500...

====== Post-Fetch Health Report ======
UTC now: 2025-09-10 01:07:45 UTC
Parquet files: 3 | Size: 34.2 MB

-- Snapshot per timeframe --
timeframe   rows  distinct_symbols          max_ts_utc     max_ts_ms
       1h 830093               523 2025-09-10 01:00:00 1757466000000
       4h 575078               523 2025-09-10 00:00:00 1757462400000
       1d 417042               523 2025-09-10 00:00:00 1757462400000

-- Dupes summary (expect 0) --
timeframe  extra_rows_due_to_dupes
       1h                      0.0
       4h                      0.0
       1d                      0.0

-- Automated Checks --
âœ… Freshness: 1h up to 2025-09-10 01:00:00 UTC (0:07:45.468660 ago) within 2h.
âœ… Freshness: 4h up to 2025-09-10 00:00:00 UTC (1:07:45.469528 ago) within 8h.
âœ… Freshness: 1d up to 2025-09-10 00:00:00 UTC (1:07:45.470079 ago) within 48h.
âœ… Dupes: 0 extra rows across all timeframes.

Saved: fetch_snapshots/snapshot_20250910-010745.csv
Saved: fetch_snapshots/dupes_20250910-010745.csv
=== Run completed at 20250910-010745 ===
