[CRON START] 2025-09-06 14:05:00 UTC (ts=20250906-140500)
=== Run started at 20250906-140500 ===
>>> Running fetch at 20250906-140500...
ðŸ“¦ Fetch v3.0.0 started at 14:05:03 UTC
ðŸ”§ Full refresh: False, Workers: 5, Top N: 0
ðŸ“ Output dir: ohlcv_parquet, Timeframes: ['1h', '4h', '1d']
ðŸ“Š Fetched 521 symbols

âœ… 1h: 796095 rows

âœ… 4h: 566475 rows

âœ… 1d: 415401 rows
ðŸŽ¯ Done in 135.1s | Total rows: 1777971
>>> Running health check at 20250906-140500...

====== Post-Fetch Health Report ======
UTC now: 2025-09-06 14:07:21 UTC
Parquet files: 3 | Size: 33.8 MB

-- Snapshot per timeframe --
timeframe   rows  distinct_symbols          max_ts_utc     max_ts_ms
       1h 796095               521 2025-09-06 14:00:00 1757167200000
       4h 566475               521 2025-09-06 12:00:00 1757160000000
       1d 415401               521 2025-09-06 00:00:00 1757116800000

-- Dupes summary (expect 0) --
timeframe  extra_rows_due_to_dupes
       1h                      0.0
       4h                      0.0
       1d                      0.0

-- Automated Checks --
âœ… Freshness: 1h up to 2025-09-06 14:00:00 UTC (0:07:21.087189 ago) within 2h.
âœ… Freshness: 4h up to 2025-09-06 12:00:00 UTC (2:07:21.088141 ago) within 8h.
âœ… Freshness: 1d up to 2025-09-06 00:00:00 UTC (14:07:21.088728 ago) within 48h.
âœ… Dupes: 0 extra rows across all timeframes.

Saved: fetch_snapshots/snapshot_20250906-140721.csv
Saved: fetch_snapshots/dupes_20250906-140721.csv
=== Run completed at 20250906-140721 ===
