[CRON START] 2025-09-09 19:05:01 UTC (ts=20250909-190500)
=== Run started at 20250909-190500 ===
>>> Running fetch at 20250909-190500...
ðŸ“¦ Fetch v3.0.0 started at 19:05:04 UTC
ðŸ”§ Full refresh: False, Workers: 5, Top N: 0
ðŸ“ Output dir: ohlcv_parquet, Timeframes: ['1h', '4h', '1d']
ðŸ“Š Fetched 523 symbols

âœ… 1h: 827627 rows

âœ… 4h: 574256 rows

âœ… 1d: 416631 rows
ðŸŽ¯ Done in 143.6s | Total rows: 1818514
>>> Running health check at 20250909-190500...

====== Post-Fetch Health Report ======
UTC now: 2025-09-09 19:07:31 UTC
Parquet files: 3 | Size: 34.6 MB

-- Snapshot per timeframe --
timeframe   rows  distinct_symbols          max_ts_utc     max_ts_ms
       1h 827627               523 2025-09-09 19:00:00 1757444400000
       4h 574256               523 2025-09-09 16:00:00 1757433600000
       1d 416631               523 2025-09-09 00:00:00 1757376000000

-- Dupes summary (expect 0) --
timeframe  extra_rows_due_to_dupes
       1h                      0.0
       4h                      0.0
       1d                      0.0

-- Automated Checks --
âœ… Freshness: 1h up to 2025-09-09 19:00:00 UTC (0:07:31.014657 ago) within 2h.
âœ… Freshness: 4h up to 2025-09-09 16:00:00 UTC (3:07:31.015658 ago) within 8h.
âœ… Freshness: 1d up to 2025-09-09 00:00:00 UTC (19:07:31.016161 ago) within 48h.
âœ… Dupes: 0 extra rows across all timeframes.

Saved: fetch_snapshots/snapshot_20250909-190731.csv
Saved: fetch_snapshots/dupes_20250909-190731.csv
=== Run completed at 20250909-190731 ===
