[CRON START] 2025-08-18 16:06:27 UTC (ts=20250818-160627)
=== Run started at 20250818-160627 ===
>>> Running fetch at 20250818-160627...
ðŸ“¦ Fetch v3.0.0 started at 16:06:30 UTC
ðŸ”§ Full refresh: False, Workers: 5, Top N: 0
ðŸ“ Output dir: ohlcv_parquet, Timeframes: ['1h', '4h', '1d']
ðŸ“Š Fetched 411 symbols

âœ… 1h: 505575 rows

âœ… 4h: 414545 rows

âœ… 1d: 314613 rows
ðŸŽ¯ Done in 1086.5s | Total rows: 1234733
>>> Running health check at 20250818-160627...

====== Post-Fetch Health Report ======
UTC now: 2025-08-18 16:24:39 UTC
Parquet files: 3 | Size: 23.7 MB

-- Snapshot per timeframe --
timeframe   rows  distinct_symbols          max_ts_utc     max_ts_ms
       1h 505575               411 2025-08-18 16:00:00 1755532800000
       4h 414545               411 2025-08-18 16:00:00 1755532800000
       1d 314613               411 2025-08-18 00:00:00 1755475200000

-- Dupes summary (expect 0) --
timeframe  extra_rows_due_to_dupes
       1h                      0.0
       4h                      0.0
       1d                      0.0

-- Automated Checks --
âœ… Freshness: 1h up to 2025-08-18 16:00:00 UTC (0:24:39.732406 ago) within 2h.
âœ… Freshness: 4h up to 2025-08-18 16:00:00 UTC (0:24:39.733427 ago) within 8h.
âœ… Freshness: 1d up to 2025-08-18 00:00:00 UTC (16:24:39.733918 ago) within 48h.
âœ… Dupes: 0 extra rows across all timeframes.

Saved: fetch_snapshots/snapshot_20250818-162439.csv
Saved: fetch_snapshots/dupes_20250818-162439.csv
=== Run completed at 20250818-162439 ===
