[CRON START] 2025-08-16 15:12:33 UTC (ts=20250816-151232)
=== Run started at 20250816-151232 ===
>>> Running fetch at 20250816-151232...
ðŸ“¦ Fetch v3.0.0 started at 15:12:38 UTC
ðŸ”§ Full refresh: False, Workers: 5, Top N: 0
ðŸ“ Output dir: ohlcv_parquet, Timeframes: ['1h', '4h', '1d']
ðŸ“Š Fetched 410 symbols

âœ… 1h: 486131 rows

âœ… 4h: 409695 rows

âœ… 1d: 313804 rows
ðŸŽ¯ Done in 7329.3s | Total rows: 1209630
>>> Running health check at 20250816-151232...

====== Post-Fetch Health Report ======
UTC now: 2025-08-16 17:32:03 UTC
Parquet files: 3 | Size: 23.6 MB

-- Snapshot per timeframe --
timeframe   rows  distinct_symbols          max_ts_utc     max_ts_ms
       1h 486181               410 2025-08-16 16:00:00 1755360000000
       4h 409695               410 2025-08-16 16:00:00 1755360000000
       1d 313804               410 2025-08-16 00:00:00 1755302400000

-- Dupes summary (expect 0) --
timeframe  extra_rows_due_to_dupes
       1h                      0.0
       4h                      0.0
       1d                      0.0

-- Automated Checks --
âœ… Freshness: 1h up to 2025-08-16 16:00:00 UTC (1:32:03.036596 ago) within 2h.
âœ… Freshness: 4h up to 2025-08-16 16:00:00 UTC (1:32:03.137136 ago) within 8h.
âœ… Freshness: 1d up to 2025-08-16 00:00:00 UTC (17:32:03.137943 ago) within 48h.
âœ… Dupes: 0 extra rows across all timeframes.

Saved: fetch_snapshots/snapshot_20250816-173203.csv
Saved: fetch_snapshots/dupes_20250816-173203.csv
=== Run completed at 20250816-173203 ===
