[CRON START] 2025-09-03 07:05:01 UTC (ts=20250903-070501)
=== Run started at 20250903-070501 ===
>>> Running fetch at 20250903-070501...
ðŸ“¦ Fetch v3.0.0 started at 07:05:06 UTC
ðŸ”§ Full refresh: False, Workers: 5, Top N: 0
ðŸ“ Output dir: ohlcv_parquet, Timeframes: ['1h', '4h', '1d']
ðŸ“Š Fetched 521 symbols

âœ… 1h: 763784 rows

âœ… 4h: 558295 rows

âœ… 1d: 414174 rows
ðŸŽ¯ Done in 140.8s | Total rows: 1736253
>>> Running health check at 20250903-070501...

====== Post-Fetch Health Report ======
UTC now: 2025-09-03 07:07:29 UTC
Parquet files: 3 | Size: 33.5 MB

-- Snapshot per timeframe --
timeframe   rows  distinct_symbols          max_ts_utc     max_ts_ms
       1h 763784               521 2025-09-03 07:00:00 1756882800000
       4h 558295               521 2025-09-03 04:00:00 1756872000000
       1d 414174               521 2025-09-03 00:00:00 1756857600000

-- Dupes summary (expect 0) --
timeframe  extra_rows_due_to_dupes
       1h                      0.0
       4h                      0.0
       1d                      0.0

-- Automated Checks --
âœ… Freshness: 1h up to 2025-09-03 07:00:00 UTC (0:07:29.528936 ago) within 2h.
âœ… Freshness: 4h up to 2025-09-03 04:00:00 UTC (3:07:29.530132 ago) within 8h.
âœ… Freshness: 1d up to 2025-09-03 00:00:00 UTC (7:07:29.530878 ago) within 48h.
âœ… Dupes: 0 extra rows across all timeframes.

Saved: fetch_snapshots/snapshot_20250903-070729.csv
Saved: fetch_snapshots/dupes_20250903-070729.csv
=== Run completed at 20250903-070729 ===
