[CRON START] 2025-09-06 16:05:00 UTC (ts=20250906-160500)
=== Run started at 20250906-160500 ===
>>> Running fetch at 20250906-160500...
ðŸ“¦ Fetch v3.0.0 started at 16:05:05 UTC
ðŸ”§ Full refresh: False, Workers: 5, Top N: 0
ðŸ“ Output dir: ohlcv_parquet, Timeframes: ['1h', '4h', '1d']
ðŸ“Š Fetched 521 symbols

âœ… 1h: 796913 rows

âœ… 4h: 566884 rows

âœ… 1d: 415401 rows
ðŸŽ¯ Done in 157.0s | Total rows: 1779198
>>> Running health check at 20250906-160500...

====== Post-Fetch Health Report ======
UTC now: 2025-09-06 16:07:44 UTC
Parquet files: 3 | Size: 34.2 MB

-- Snapshot per timeframe --
timeframe   rows  distinct_symbols          max_ts_utc     max_ts_ms
       1h 796913               521 2025-09-06 16:00:00 1757174400000
       4h 566884               521 2025-09-06 16:00:00 1757174400000
       1d 415401               521 2025-09-06 00:00:00 1757116800000

-- Dupes summary (expect 0) --
timeframe  extra_rows_due_to_dupes
       1h                      0.0
       4h                      0.0
       1d                      0.0

-- Automated Checks --
âœ… Freshness: 1h up to 2025-09-06 16:00:00 UTC (0:07:44.737343 ago) within 2h.
âœ… Freshness: 4h up to 2025-09-06 16:00:00 UTC (0:07:44.738301 ago) within 8h.
âœ… Freshness: 1d up to 2025-09-06 00:00:00 UTC (16:07:44.738801 ago) within 48h.
âœ… Dupes: 0 extra rows across all timeframes.

Saved: fetch_snapshots/snapshot_20250906-160744.csv
Saved: fetch_snapshots/dupes_20250906-160744.csv
=== Run completed at 20250906-160744 ===
