[CRON START] 2025-08-22 03:05:00 UTC (ts=20250822-030500)
=== Run started at 20250822-030500 ===
>>> Running fetch at 20250822-030500...
ðŸ“¦ Fetch v3.0.0 started at 03:05:03 UTC
ðŸ”§ Full refresh: False, Workers: 5, Top N: 0
ðŸ“ Output dir: ohlcv_parquet, Timeframes: ['1h', '4h', '1d']
ðŸ“Š Fetched 517 symbols

âœ… 1h: 645324 rows

âœ… 4h: 529050 rows

âœ… 1d: 409295 rows
ðŸŽ¯ Done in 8944.9s | Total rows: 1583669
>>> Running health check at 20250822-030500...

====== Post-Fetch Health Report ======
UTC now: 2025-08-22 05:34:11 UTC
Parquet files: 3 | Size: 30.6 MB

-- Snapshot per timeframe --
timeframe   rows  distinct_symbols          max_ts_utc     max_ts_ms
       1h 645324               517 2025-08-22 04:00:00 1755835200000
       4h 529050               517 2025-08-22 04:00:00 1755835200000
       1d 409295               517 2025-08-22 00:00:00 1755820800000

-- Dupes summary (expect 0) --
timeframe  extra_rows_due_to_dupes
       1h                      0.0
       4h                      0.0
       1d                      0.0

-- Automated Checks --
âœ… Freshness: 1h up to 2025-08-22 04:00:00 UTC (1:34:11.440388 ago) within 2h.
âœ… Freshness: 4h up to 2025-08-22 04:00:00 UTC (1:34:11.441417 ago) within 8h.
âœ… Freshness: 1d up to 2025-08-22 00:00:00 UTC (5:34:11.442116 ago) within 48h.
âœ… Dupes: 0 extra rows across all timeframes.

Saved: fetch_snapshots/snapshot_20250822-053411.csv
Saved: fetch_snapshots/dupes_20250822-053411.csv
=== Run completed at 20250822-053411 ===
