[CRON START] 2025-08-14 17:46:54 UTC (ts=20250814-174654)
=== Run started at 20250814-174654 ===
>>> Running fetch at 20250814-174654...
ðŸ“¦ Fetch v3.0.0 started at 17:46:56 UTC
ðŸ”§ Full refresh: False, Workers: 5, Top N: 0
ðŸ“ Output dir: ohlcv_parquet, Timeframes: ['1h', '4h', '1d']
ðŸ“Š Fetched 410 symbols

âœ… 1h: 467193 rows

âœ… 4h: 404847 rows

âœ… 1d: 312996 rows
ðŸŽ¯ Done in 83.5s | Total rows: 1185036
>>> Running health check at 20250814-174654...

====== Post-Fetch Health Report ======
UTC now: 2025-08-14 17:48:20 UTC
Parquet files: 3 | Size: 22.9 MB

-- Snapshot per timeframe --
timeframe   rows  distinct_symbols          max_ts_utc     max_ts_ms
       1h 467193               410 2025-08-14 17:00:00 1755190800000
       4h 404847               410 2025-08-14 16:00:00 1755187200000
       1d 312996               410 2025-08-14 00:00:00 1755129600000

-- Dupes summary (expect 0) --
timeframe  extra_rows_due_to_dupes
       1h                      0.0
       4h                      0.0
       1d                      0.0

-- Automated Checks --
âœ… Freshness: 1h up to 2025-08-14 17:00:00 UTC (0:48:20.996118 ago) within 2h.
âœ… Freshness: 4h up to 2025-08-14 16:00:00 UTC (1:48:20.996506 ago) within 8h.
âœ… Freshness: 1d up to 2025-08-14 00:00:00 UTC (17:48:20.996679 ago) within 48h.
âœ… Dupes: 0 extra rows across all timeframes.

Saved: fetch_snapshots/snapshot_20250814-174820.csv
Saved: fetch_snapshots/dupes_20250814-174820.csv
=== Run completed at 20250814-174821 ===
