[CRON START] 2025-08-19 00:05:01 UTC (ts=20250819-000500)
=== Run started at 20250819-000500 ===
>>> Running fetch at 20250819-000500...
ðŸ“¦ Fetch v3.0.0 started at 00:05:07 UTC
ðŸ”§ Full refresh: False, Workers: 5, Top N: 0
ðŸ“ Output dir: ohlcv_parquet, Timeframes: ['1h', '4h', '1d']
ðŸ“Š Fetched 411 symbols

âœ… 1h: 508815 rows

âœ… 4h: 415355 rows

âœ… 1d: 315018 rows
ðŸŽ¯ Done in 109.1s | Total rows: 1239188
>>> Running health check at 20250819-000500...

====== Post-Fetch Health Report ======
UTC now: 2025-08-19 00:06:58 UTC
Parquet files: 3 | Size: 23.8 MB

-- Snapshot per timeframe --
timeframe   rows  distinct_symbols max_ts_utc     max_ts_ms
       1h 508815               411 2025-08-19 1755561600000
       4h 415355               411 2025-08-19 1755561600000
       1d 315018               411 2025-08-19 1755561600000

-- Dupes summary (expect 0) --
timeframe  extra_rows_due_to_dupes
       1h                      0.0
       4h                      0.0
       1d                      0.0

-- Automated Checks --
âœ… Freshness: 1h up to 2025-08-19 00:00:00 UTC (0:06:58.604991 ago) within 2h.
âœ… Freshness: 4h up to 2025-08-19 00:00:00 UTC (0:06:58.606213 ago) within 8h.
âœ… Freshness: 1d up to 2025-08-19 00:00:00 UTC (0:06:58.606736 ago) within 48h.
âœ… Dupes: 0 extra rows across all timeframes.

Saved: fetch_snapshots/snapshot_20250819-000658.csv
Saved: fetch_snapshots/dupes_20250819-000658.csv
=== Run completed at 20250819-000658 ===
