[CRON START] 2025-09-09 20:05:00 UTC (ts=20250909-200500)
=== Run started at 20250909-200500 ===
>>> Running fetch at 20250909-200500...
ðŸ“¦ Fetch v3.0.0 started at 20:05:04 UTC
ðŸ”§ Full refresh: False, Workers: 5, Top N: 0
ðŸ“ Output dir: ohlcv_parquet, Timeframes: ['1h', '4h', '1d']
ðŸ“Š Fetched 523 symbols

âœ… 1h: 828038 rows

âœ… 4h: 574667 rows

âœ… 1d: 416631 rows
ðŸŽ¯ Done in 143.7s | Total rows: 1819336
>>> Running health check at 20250909-200500...

====== Post-Fetch Health Report ======
UTC now: 2025-09-09 20:07:30 UTC
Parquet files: 3 | Size: 34.4 MB

-- Snapshot per timeframe --
timeframe   rows  distinct_symbols          max_ts_utc     max_ts_ms
       1h 828038               523 2025-09-09 20:00:00 1757448000000
       4h 574667               523 2025-09-09 20:00:00 1757448000000
       1d 416631               523 2025-09-09 00:00:00 1757376000000

-- Dupes summary (expect 0) --
timeframe  extra_rows_due_to_dupes
       1h                      0.0
       4h                      0.0
       1d                      0.0

-- Automated Checks --
âœ… Freshness: 1h up to 2025-09-09 20:00:00 UTC (0:07:30.489777 ago) within 2h.
âœ… Freshness: 4h up to 2025-09-09 20:00:00 UTC (0:07:30.490625 ago) within 8h.
âœ… Freshness: 1d up to 2025-09-09 00:00:00 UTC (20:07:30.491119 ago) within 48h.
âœ… Dupes: 0 extra rows across all timeframes.

Saved: fetch_snapshots/snapshot_20250909-200730.csv
Saved: fetch_snapshots/dupes_20250909-200730.csv
=== Run completed at 20250909-200730 ===
