[CRON START] 2025-09-13 10:55:29 UTC (ts=20250913-105529)
=== Run started at 20250913-105529 ===
>>> Running fetch at 20250913-105529...
ðŸ“¦ Fetch v3.0.0 started at 10:55:30 UTC
ðŸ”§ Full refresh: False, Workers: 5, Top N: 0
ðŸ“ Output dir: ohlcv_parquet, Timeframes: ['1h', '4h', '1d']
ðŸ“Š Fetched 526 symbols

âœ… 1h: 864071 rows

âœ… 4h: 583865 rows

âœ… 1d: 418811 rows
ðŸŽ¯ Done in 227.0s | Total rows: 1866747
>>> Running health check at 20250913-105529...

====== Post-Fetch Health Report ======
UTC now: 2025-09-13 10:59:18 UTC
Parquet files: 3 | Size: 35.4 MB

-- Snapshot per timeframe --
timeframe   rows  distinct_symbols          max_ts_utc     max_ts_ms
       1h 864071               526 2025-09-13 10:00:00 1757757600000
       4h 583865               526 2025-09-13 08:00:00 1757750400000
       1d 418811               526 2025-09-13 00:00:00 1757721600000

-- Dupes summary (expect 0) --
timeframe  extra_rows_due_to_dupes
       1h                      0.0
       4h                      0.0
       1d                      0.0

-- Automated Checks --
âœ… Freshness: 1h up to 2025-09-13 10:00:00 UTC (0:59:18.860076 ago) within 2h.
âœ… Freshness: 4h up to 2025-09-13 08:00:00 UTC (2:59:18.862158 ago) within 8h.
âœ… Freshness: 1d up to 2025-09-13 00:00:00 UTC (10:59:18.862344 ago) within 48h.
âœ… Dupes: 0 extra rows across all timeframes.

Saved: fetch_snapshots/snapshot_20250913-105918.csv
Saved: fetch_snapshots/dupes_20250913-105918.csv
=== Run completed at 20250913-105918 ===
