[CRON START] 2025-08-12 18:00:00 UTC (ts=20250812-180000)
=== Run started at 20250812-180000 ===
>>> Running fetch at 20250812-180000...
ðŸ“¦ Fetch v3.0.0 started at 18:00:04 UTC
ðŸ”§ Full refresh: False, Workers: 5, Top N: 0
ðŸ“ Output dir: ohlcv_parquet, Timeframes: ['1h', '4h', '1d']
ðŸ“Š Fetched 409 symbols

âœ… 1h: 448224 rows

âœ… 4h: 400003 rows

âœ… 1d: 312188 rows
ðŸŽ¯ Done in 90.9s | Total rows: 1160415
>>> Running health check at 20250812-180000...

====== Post-Fetch Health Report ======
UTC now: 2025-08-12 18:01:37 UTC
Parquet files: 3 | Size: 22.7 MB

-- Snapshot per timeframe --
timeframe   rows  distinct_symbols          max_ts_utc     max_ts_ms
       1h 448224               409 2025-08-12 18:00:00 1755021600000
       4h 400003               409 2025-08-12 16:00:00 1755014400000
       1d 312188               409 2025-08-12 00:00:00 1754956800000

-- Dupes summary (expect 0) --
timeframe  extra_rows_due_to_dupes
       1h                      0.0
       4h                      0.0
       1d                      0.0

-- Automated Checks --
âœ… Freshness: 1h up to 2025-08-12 18:00:00 UTC (0:01:37.164987 ago) within 2h.
âœ… Freshness: 4h up to 2025-08-12 16:00:00 UTC (2:01:37.166057 ago) within 8h.
âœ… Freshness: 1d up to 2025-08-12 00:00:00 UTC (18:01:37.166534 ago) within 48h.
âœ… Dupes: 0 extra rows across all timeframes.

Saved: fetch_snapshots/snapshot_20250812-180137.csv
Saved: fetch_snapshots/dupes_20250812-180137.csv
=== Run completed at 20250812-180137 ===
