[CRON START] 2025-08-15 15:05:00 UTC (ts=20250815-150500)
=== Run started at 20250815-150500 ===
>>> Running fetch at 20250815-150500...
ðŸ“¦ Fetch v3.0.0 started at 15:05:04 UTC
ðŸ”§ Full refresh: False, Workers: 5, Top N: 0
ðŸ“ Output dir: ohlcv_parquet, Timeframes: ['1h', '4h', '1d']
ðŸ“Š Fetched 410 symbols

âœ… 1h: 476081 rows

âœ… 4h: 406867 rows

âœ… 1d: 313400 rows
ðŸŽ¯ Done in 3100.2s | Total rows: 1196348
>>> Running health check at 20250815-150500...

====== Post-Fetch Health Report ======
UTC now: 2025-08-15 15:56:46 UTC
Parquet files: 3 | Size: 22.9 MB

-- Snapshot per timeframe --
timeframe   rows  distinct_symbols          max_ts_utc     max_ts_ms
       1h 476081               410 2025-08-15 15:00:00 1755270000000
       4h 406867               410 2025-08-15 12:00:00 1755259200000
       1d 313400               410 2025-08-15 00:00:00 1755216000000

-- Dupes summary (expect 0) --
timeframe  extra_rows_due_to_dupes
       1h                      0.0
       4h                      0.0
       1d                      0.0

-- Automated Checks --
âœ… Freshness: 1h up to 2025-08-15 15:00:00 UTC (0:56:46.698656 ago) within 2h.
âœ… Freshness: 4h up to 2025-08-15 12:00:00 UTC (3:56:46.700027 ago) within 8h.
âœ… Freshness: 1d up to 2025-08-15 00:00:00 UTC (15:56:46.700810 ago) within 48h.
âœ… Dupes: 0 extra rows across all timeframes.

Saved: fetch_snapshots/snapshot_20250815-155646.csv
Saved: fetch_snapshots/dupes_20250815-155646.csv
=== Run completed at 20250815-155646 ===
