[CRON START] 2025-08-15 11:05:01 UTC (ts=20250815-110500)
=== Run started at 20250815-110500 ===
>>> Running fetch at 20250815-110500...
ðŸ“¦ Fetch v3.0.0 started at 11:05:03 UTC
ðŸ”§ Full refresh: False, Workers: 5, Top N: 0
ðŸ“ Output dir: ohlcv_parquet, Timeframes: ['1h', '4h', '1d']
ðŸ“Š Fetched 410 symbols

âœ… 1h: 474465 rows

âœ… 4h: 406463 rows

âœ… 1d: 313400 rows
ðŸŽ¯ Done in 105.2s | Total rows: 1194328
>>> Running health check at 20250815-110500...

====== Post-Fetch Health Report ======
UTC now: 2025-08-15 11:06:51 UTC
Parquet files: 3 | Size: 23.1 MB

-- Snapshot per timeframe --
timeframe   rows  distinct_symbols          max_ts_utc     max_ts_ms
       1h 474465               410 2025-08-15 11:00:00 1755255600000
       4h 406463               410 2025-08-15 08:00:00 1755244800000
       1d 313400               410 2025-08-15 00:00:00 1755216000000

-- Dupes summary (expect 0) --
timeframe  extra_rows_due_to_dupes
       1h                      0.0
       4h                      0.0
       1d                      0.0

-- Automated Checks --
âœ… Freshness: 1h up to 2025-08-15 11:00:00 UTC (0:06:51.326926 ago) within 2h.
âœ… Freshness: 4h up to 2025-08-15 08:00:00 UTC (3:06:51.327978 ago) within 8h.
âœ… Freshness: 1d up to 2025-08-15 00:00:00 UTC (11:06:51.328460 ago) within 48h.
âœ… Dupes: 0 extra rows across all timeframes.

Saved: fetch_snapshots/snapshot_20250815-110651.csv
Saved: fetch_snapshots/dupes_20250815-110651.csv
=== Run completed at 20250815-110651 ===
