[CRON START] 2025-08-21 18:05:01 UTC (ts=20250821-180501)
=== Run started at 20250821-180501 ===
>>> Running fetch at 20250821-180501...
ðŸ“¦ Fetch v3.0.0 started at 18:05:05 UTC
ðŸ”§ Full refresh: False, Workers: 5, Top N: 0
ðŸ“ Output dir: ohlcv_parquet, Timeframes: ['1h', '4h', '1d']
ðŸ“Š Fetched 517 symbols

âœ… 1h: 641545 rows

âœ… 4h: 527835 rows

âœ… 1d: 408890 rows
ðŸŽ¯ Done in 132.0s | Total rows: 1578270
>>> Running health check at 20250821-180501...

====== Post-Fetch Health Report ======
UTC now: 2025-08-21 18:07:20 UTC
Parquet files: 3 | Size: 30.8 MB

-- Snapshot per timeframe --
timeframe   rows  distinct_symbols          max_ts_utc     max_ts_ms
       1h 641545               517 2025-08-21 18:00:00 1755799200000
       4h 527835               517 2025-08-21 16:00:00 1755792000000
       1d 408890               517 2025-08-21 00:00:00 1755734400000

-- Dupes summary (expect 0) --
timeframe  extra_rows_due_to_dupes
       1h                      0.0
       4h                      0.0
       1d                      0.0

-- Automated Checks --
âœ… Freshness: 1h up to 2025-08-21 18:00:00 UTC (0:07:20.035068 ago) within 2h.
âœ… Freshness: 4h up to 2025-08-21 16:00:00 UTC (2:07:20.035695 ago) within 8h.
âœ… Freshness: 1d up to 2025-08-21 00:00:00 UTC (18:07:20.036181 ago) within 48h.
âœ… Dupes: 0 extra rows across all timeframes.

Saved: fetch_snapshots/snapshot_20250821-180720.csv
Saved: fetch_snapshots/dupes_20250821-180720.csv
=== Run completed at 20250821-180720 ===
