[CRON START] 2025-08-13 09:05:02 UTC (ts=20250813-090501)
=== Run started at 20250813-090501 ===
>>> Running fetch at 20250813-090501...
ðŸ“¦ Fetch v3.0.0 started at 09:05:06 UTC
ðŸ”§ Full refresh: False, Workers: 5, Top N: 0
ðŸ“ Output dir: ohlcv_parquet, Timeframes: ['1h', '4h', '1d']
ðŸ“Š Fetched 409 symbols

âœ… 1h: 454445 rows

âœ… 4h: 401615 rows

âœ… 1d: 312591 rows
ðŸŽ¯ Done in 9339.3s | Total rows: 1168651
>>> Running health check at 20250813-090501...

====== Post-Fetch Health Report ======
UTC now: 2025-08-13 11:40:49 UTC
Parquet files: 3 | Size: 22.9 MB

-- Snapshot per timeframe --
timeframe   rows  distinct_symbols          max_ts_utc     max_ts_ms
       1h 454445               409 2025-08-13 10:00:00 1755079200000
       4h 401615               409 2025-08-13 08:00:00 1755072000000
       1d 312591               409 2025-08-13 00:00:00 1755043200000

-- Dupes summary (expect 0) --
timeframe  extra_rows_due_to_dupes
       1h                      0.0
       4h                      0.0
       1d                      0.0

-- Automated Checks --
âœ… Freshness: 1h up to 2025-08-13 10:00:00 UTC (1:40:49.835586 ago) within 2h.
âœ… Freshness: 4h up to 2025-08-13 08:00:00 UTC (3:40:49.836540 ago) within 8h.
âœ… Freshness: 1d up to 2025-08-13 00:00:00 UTC (11:40:49.837585 ago) within 48h.
âœ… Dupes: 0 extra rows across all timeframes.

Saved: fetch_snapshots/snapshot_20250813-114049.csv
Saved: fetch_snapshots/dupes_20250813-114049.csv
=== Run completed at 20250813-114049 ===
