[CRON START] 2025-09-08 22:57:21 UTC (ts=20250908-225721)
=== Run started at 20250908-225721 ===
>>> Running fetch at 20250908-225721...
ðŸ“¦ Fetch v3.0.0 started at 22:57:24 UTC
ðŸ”§ Full refresh: False, Workers: 5, Top N: 0
ðŸ“ Output dir: ohlcv_parquet, Timeframes: ['1h', '4h', '1d']
ðŸ“Š Fetched 522 symbols

âœ… 1h: 819009 rows

âœ… 4h: 572204 rows

âœ… 1d: 416220 rows
ðŸŽ¯ Done in 120.4s | Total rows: 1807433
>>> Running health check at 20250908-225721...

====== Post-Fetch Health Report ======
UTC now: 2025-09-08 22:59:25 UTC
Parquet files: 3 | Size: 34.4 MB

-- Snapshot per timeframe --
timeframe   rows  distinct_symbols          max_ts_utc     max_ts_ms
       1h 819009               522 2025-09-08 22:00:00 1757368800000
       4h 572204               522 2025-09-08 20:00:00 1757361600000
       1d 416220               522 2025-09-08 00:00:00 1757289600000

-- Dupes summary (expect 0) --
timeframe  extra_rows_due_to_dupes
       1h                      0.0
       4h                      0.0
       1d                      0.0

-- Automated Checks --
âœ… Freshness: 1h up to 2025-09-08 22:00:00 UTC (0:59:25.656331 ago) within 2h.
âœ… Freshness: 4h up to 2025-09-08 20:00:00 UTC (2:59:25.656818 ago) within 8h.
âœ… Freshness: 1d up to 2025-09-08 00:00:00 UTC (22:59:25.657011 ago) within 48h.
âœ… Dupes: 0 extra rows across all timeframes.

Saved: fetch_snapshots/snapshot_20250908-225925.csv
Saved: fetch_snapshots/dupes_20250908-225925.csv
=== Run completed at 20250908-225925 ===
