[CRON START] 2025-09-06 10:06:32 UTC (ts=20250906-100632)
=== Run started at 20250906-100632 ===
>>> Running fetch at 20250906-100632...
📦 Fetch v3.0.0 started at 10:06:36 UTC
🔧 Full refresh: False, Workers: 5, Top N: 0
📁 Output dir: ohlcv_parquet, Timeframes: ['1h', '4h', '1d']
>>> Running health check at 20250906-100632...

====== Post-Fetch Health Report ======
UTC now: 2025-09-06 10:06:44 UTC
Parquet files: 3 | Size: 33.8 MB

-- Snapshot per timeframe --
timeframe   rows  distinct_symbols          max_ts_utc     max_ts_ms
       1h 788733               521 2025-09-05 20:00:00 1757102400000
       4h 564839               521 2025-09-05 20:00:00 1757102400000
       1d 414992               521 2025-09-05 00:00:00 1757030400000

-- Dupes summary (expect 0) --
timeframe  extra_rows_due_to_dupes
       1h                      0.0
       4h                      0.0
       1d                      0.0

-- Automated Checks --
⚠️ Freshness: 1h last candle at 2025-09-05 20:00:00 UTC (14:06:44.670482 ago) exceeds 2h.
⚠️ Freshness: 4h last candle at 2025-09-05 20:00:00 UTC (14:06:44.671262 ago) exceeds 8h.
✅ Freshness: 1d up to 2025-09-05 00:00:00 UTC (1 day, 10:06:44.671781 ago) within 48h.
✅ Dupes: 0 extra rows across all timeframes.

Saved: fetch_snapshots/snapshot_20250906-100644.csv
Saved: fetch_snapshots/dupes_20250906-100644.csv
=== Run completed at 20250906-100644 ===
