[CRON START] 2025-08-20 22:05:02 UTC (ts=20250820-220501)
=== Run started at 20250820-220501 ===
>>> Running fetch at 20250820-220501...
ðŸ“¦ Fetch v3.0.0 started at 22:05:07 UTC
ðŸ”§ Full refresh: False, Workers: 5, Top N: 0
ðŸ“ Output dir: ohlcv_parquet, Timeframes: ['1h', '4h', '1d']
ðŸ“Š Fetched 517 symbols

âœ… 1h: 633445 rows

âœ… 4h: 525810 rows

âœ… 1d: 408485 rows
ðŸŽ¯ Done in 132.3s | Total rows: 1567740
>>> Running health check at 20250820-220501...

====== Post-Fetch Health Report ======
UTC now: 2025-08-20 22:07:22 UTC
Parquet files: 3 | Size: 30.5 MB

-- Snapshot per timeframe --
timeframe   rows  distinct_symbols          max_ts_utc     max_ts_ms
       1h 633445               517 2025-08-20 22:00:00 1755727200000
       4h 525810               517 2025-08-20 20:00:00 1755720000000
       1d 408485               517 2025-08-20 00:00:00 1755648000000

-- Dupes summary (expect 0) --
timeframe  extra_rows_due_to_dupes
       1h                      0.0
       4h                      0.0
       1d                      0.0

-- Automated Checks --
âœ… Freshness: 1h up to 2025-08-20 22:00:00 UTC (0:07:22.537005 ago) within 2h.
âœ… Freshness: 4h up to 2025-08-20 20:00:00 UTC (2:07:22.537584 ago) within 8h.
âœ… Freshness: 1d up to 2025-08-20 00:00:00 UTC (22:07:22.538067 ago) within 48h.
âœ… Dupes: 0 extra rows across all timeframes.

Saved: fetch_snapshots/snapshot_20250820-220722.csv
Saved: fetch_snapshots/dupes_20250820-220722.csv
=== Run completed at 20250820-220722 ===
