[CRON START] 2025-09-12 18:05:01 UTC (ts=20250912-180501)
=== Run started at 20250912-180501 ===
>>> Running fetch at 20250912-180501...
ðŸ“¦ Fetch v3.0.0 started at 18:05:06 UTC
ðŸ”§ Full refresh: False, Workers: 5, Top N: 0
ðŸ“ Output dir: ohlcv_parquet, Timeframes: ['1h', '4h', '1d']
ðŸ“Š Fetched 526 symbols

âœ… 1h: 856921 rows

âœ… 4h: 581683 rows

âœ… 1d: 417871 rows
ðŸŽ¯ Done in 166.1s | Total rows: 1856475
>>> Running health check at 20250912-180501...

====== Post-Fetch Health Report ======
UTC now: 2025-09-12 18:07:54 UTC
Parquet files: 3 | Size: 35.2 MB

-- Snapshot per timeframe --
timeframe   rows  distinct_symbols          max_ts_utc     max_ts_ms
       1h 856921               526 2025-09-12 18:00:00 1757700000000
       4h 581683               526 2025-09-12 16:00:00 1757692800000
       1d 417871               526 2025-09-12 00:00:00 1757635200000

-- Dupes summary (expect 0) --
timeframe  extra_rows_due_to_dupes
       1h                      0.0
       4h                      0.0
       1d                      0.0

-- Automated Checks --
âœ… Freshness: 1h up to 2025-09-12 18:00:00 UTC (0:07:54.530894 ago) within 2h.
âœ… Freshness: 4h up to 2025-09-12 16:00:00 UTC (2:07:54.531839 ago) within 8h.
âœ… Freshness: 1d up to 2025-09-12 00:00:00 UTC (18:07:54.532357 ago) within 48h.
âœ… Dupes: 0 extra rows across all timeframes.

Saved: fetch_snapshots/snapshot_20250912-180754.csv
Saved: fetch_snapshots/dupes_20250912-180754.csv
=== Run completed at 20250912-180754 ===
