[CRON START] 2025-08-21 02:05:01 UTC (ts=20250821-020501)
=== Run started at 20250821-020501 ===
>>> Running fetch at 20250821-020501...
ðŸ“¦ Fetch v3.0.0 started at 02:05:07 UTC
ðŸ”§ Full refresh: False, Workers: 5, Top N: 0
ðŸ“ Output dir: ohlcv_parquet, Timeframes: ['1h', '4h', '1d']
ðŸ“Š Fetched 517 symbols

âœ… 1h: 635065 rows

âœ… 4h: 526215 rows

âœ… 1d: 408890 rows
ðŸŽ¯ Done in 133.5s | Total rows: 1570170
>>> Running health check at 20250821-020501...

====== Post-Fetch Health Report ======
UTC now: 2025-08-21 02:07:23 UTC
Parquet files: 3 | Size: 30.6 MB

-- Snapshot per timeframe --
timeframe   rows  distinct_symbols          max_ts_utc     max_ts_ms
       1h 635065               517 2025-08-21 02:00:00 1755741600000
       4h 526215               517 2025-08-21 00:00:00 1755734400000
       1d 408890               517 2025-08-21 00:00:00 1755734400000

-- Dupes summary (expect 0) --
timeframe  extra_rows_due_to_dupes
       1h                      0.0
       4h                      0.0
       1d                      0.0

-- Automated Checks --
âœ… Freshness: 1h up to 2025-08-21 02:00:00 UTC (0:07:23.797787 ago) within 2h.
âœ… Freshness: 4h up to 2025-08-21 00:00:00 UTC (2:07:23.798417 ago) within 8h.
âœ… Freshness: 1d up to 2025-08-21 00:00:00 UTC (2:07:23.798887 ago) within 48h.
âœ… Dupes: 0 extra rows across all timeframes.

Saved: fetch_snapshots/snapshot_20250821-020723.csv
Saved: fetch_snapshots/dupes_20250821-020723.csv
=== Run completed at 20250821-020723 ===
