[CRON START] 2025-08-14 09:08:02 UTC (ts=20250814-090802)
=== Run started at 20250814-090802 ===
>>> Running fetch at 20250814-090802...
ðŸ“¦ Fetch v3.0.0 started at 09:08:05 UTC
ðŸ”§ Full refresh: False, Workers: 5, Top N: 0
ðŸ“ Output dir: ohlcv_parquet, Timeframes: ['1h', '4h', '1d']
ðŸ“Š Fetched 410 symbols

âœ… 1h: 463961 rows

âœ… 4h: 404039 rows

âœ… 1d: 312996 rows
ðŸŽ¯ Done in 1127.9s | Total rows: 1180996
>>> Running health check at 20250814-090802...

====== Post-Fetch Health Report ======
UTC now: 2025-08-14 09:26:57 UTC
Parquet files: 3 | Size: 22.7 MB

-- Snapshot per timeframe --
timeframe   rows  distinct_symbols          max_ts_utc     max_ts_ms
       1h 463961               410 2025-08-14 09:00:00 1755162000000
       4h 404039               410 2025-08-14 08:00:00 1755158400000
       1d 312996               410 2025-08-14 00:00:00 1755129600000

-- Dupes summary (expect 0) --
timeframe  extra_rows_due_to_dupes
       1h                      0.0
       4h                      0.0
       1d                      0.0

-- Automated Checks --
âœ… Freshness: 1h up to 2025-08-14 09:00:00 UTC (0:26:57.454725 ago) within 2h.
âœ… Freshness: 4h up to 2025-08-14 08:00:00 UTC (1:26:57.455800 ago) within 8h.
âœ… Freshness: 1d up to 2025-08-14 00:00:00 UTC (9:26:57.456337 ago) within 48h.
âœ… Dupes: 0 extra rows across all timeframes.

Saved: fetch_snapshots/snapshot_20250814-092657.csv
Saved: fetch_snapshots/dupes_20250814-092657.csv
=== Run completed at 20250814-092657 ===
