[CRON START] 2025-08-18 21:05:00 UTC (ts=20250818-210500)
=== Run started at 20250818-210500 ===
>>> Running fetch at 20250818-210500...
ðŸ“¦ Fetch v3.0.0 started at 21:05:04 UTC
ðŸ”§ Full refresh: False, Workers: 5, Top N: 0
ðŸ“ Output dir: ohlcv_parquet, Timeframes: ['1h', '4h', '1d']
ðŸ“Š Fetched 411 symbols

âœ… 1h: 507600 rows

âœ… 4h: 414950 rows

âœ… 1d: 314613 rows
ðŸŽ¯ Done in 107.6s | Total rows: 1237163
>>> Running health check at 20250818-210500...

====== Post-Fetch Health Report ======
UTC now: 2025-08-18 21:06:53 UTC
Parquet files: 3 | Size: 23.3 MB

-- Snapshot per timeframe --
timeframe   rows  distinct_symbols          max_ts_utc     max_ts_ms
       1h 507600               411 2025-08-18 21:00:00 1755550800000
       4h 414950               411 2025-08-18 20:00:00 1755547200000
       1d 314613               411 2025-08-18 00:00:00 1755475200000

-- Dupes summary (expect 0) --
timeframe  extra_rows_due_to_dupes
       1h                      0.0
       4h                      0.0
       1d                      0.0

-- Automated Checks --
âœ… Freshness: 1h up to 2025-08-18 21:00:00 UTC (0:06:53.958040 ago) within 2h.
âœ… Freshness: 4h up to 2025-08-18 20:00:00 UTC (1:06:53.958970 ago) within 8h.
âœ… Freshness: 1d up to 2025-08-18 00:00:00 UTC (21:06:53.959499 ago) within 48h.
âœ… Dupes: 0 extra rows across all timeframes.

Saved: fetch_snapshots/snapshot_20250818-210653.csv
Saved: fetch_snapshots/dupes_20250818-210653.csv
=== Run completed at 20250818-210654 ===
