[CRON START] 2025-09-04 23:05:01 UTC (ts=20250904-230501)
=== Run started at 20250904-230501 ===
>>> Running fetch at 20250904-230501...
📦 Fetch v3.0.0 started at 23:05:05 UTC
🔧 Full refresh: False, Workers: 5, Top N: 0
📁 Output dir: ohlcv_parquet, Timeframes: ['1h', '4h', '1d']
>>> Running health check at 20250904-230501...

====== Post-Fetch Health Report ======
UTC now: 2025-09-04 23:05:13 UTC
Parquet files: 3 | Size: 33.5 MB

-- Snapshot per timeframe --
timeframe   rows  distinct_symbols          max_ts_utc     max_ts_ms
       1h 763784               521 2025-09-03 07:00:00 1756882800000
       4h 558295               521 2025-09-03 04:00:00 1756872000000
       1d 414174               521 2025-09-03 00:00:00 1756857600000

-- Dupes summary (expect 0) --
timeframe  extra_rows_due_to_dupes
       1h                      0.0
       4h                      0.0
       1d                      0.0

-- Automated Checks --
⚠️ Freshness: 1h last candle at 2025-09-03 07:00:00 UTC (1 day, 16:05:13.343011 ago) exceeds 2h.
⚠️ Freshness: 4h last candle at 2025-09-03 04:00:00 UTC (1 day, 19:05:13.343771 ago) exceeds 8h.
✅ Freshness: 1d up to 2025-09-03 00:00:00 UTC (1 day, 23:05:13.344270 ago) within 48h.
✅ Dupes: 0 extra rows across all timeframes.

Saved: fetch_snapshots/snapshot_20250904-230513.csv
Saved: fetch_snapshots/dupes_20250904-230513.csv
=== Run completed at 20250904-230513 ===
