[CRON START] 2025-08-27 02:05:00 UTC (ts=20250827-020500)
=== Run started at 20250827-020500 ===
>>> Running fetch at 20250827-020500...
ðŸ“¦ Fetch v3.0.0 started at 02:05:03 UTC
ðŸ”§ Full refresh: False, Workers: 5, Top N: 0
ðŸ“ Output dir: ohlcv_parquet, Timeframes: ['1h', '4h', '1d']
ðŸ“Š Fetched 517 symbols

âœ… 1h: 693385 rows

âœ… 4h: 540795 rows

âœ… 1d: 411320 rows
ðŸŽ¯ Done in 129.6s | Total rows: 1645500
>>> Running health check at 20250827-020500...

====== Post-Fetch Health Report ======
UTC now: 2025-08-27 02:07:15 UTC
Parquet files: 3 | Size: 32.0 MB

-- Snapshot per timeframe --
timeframe   rows  distinct_symbols          max_ts_utc     max_ts_ms
       1h 693385               517 2025-08-27 02:00:00 1756260000000
       4h 540795               517 2025-08-27 00:00:00 1756252800000
       1d 411320               517 2025-08-27 00:00:00 1756252800000

-- Dupes summary (expect 0) --
timeframe  extra_rows_due_to_dupes
       1h                      0.0
       4h                      0.0
       1d                      0.0

-- Automated Checks --
âœ… Freshness: 1h up to 2025-08-27 02:00:00 UTC (0:07:15.249863 ago) within 2h.
âœ… Freshness: 4h up to 2025-08-27 00:00:00 UTC (2:07:15.250780 ago) within 8h.
âœ… Freshness: 1d up to 2025-08-27 00:00:00 UTC (2:07:15.251290 ago) within 48h.
âœ… Dupes: 0 extra rows across all timeframes.

Saved: fetch_snapshots/snapshot_20250827-020715.csv
Saved: fetch_snapshots/dupes_20250827-020715.csv
=== Run completed at 20250827-020715 ===
