[CRON START] 2025-09-01 17:08:17 UTC (ts=20250901-170817)
=== Run started at 20250901-170817 ===
>>> Running fetch at 20250901-170817...
📦 Fetch v3.0.0 started at 17:08:24 UTC
🔧 Full refresh: False, Workers: 5, Top N: 0
📁 Output dir: ohlcv_parquet, Timeframes: ['1h', '4h', '1d']
>>> Running health check at 20250901-170817...

====== Post-Fetch Health Report ======
UTC now: 2025-09-01 18:00:30 UTC
Parquet files: 3 | Size: 32.7 MB

-- Snapshot per timeframe --
timeframe   rows  distinct_symbols          max_ts_utc     max_ts_ms
       1h 728721               519 2025-08-30 17:00:00 1756573200000
       4h 549732               519 2025-08-30 16:00:00 1756569600000
       1d 412541               519 2025-08-30 00:00:00 1756512000000

-- Dupes summary (expect 0) --
timeframe  extra_rows_due_to_dupes
       1h                      0.0
       4h                      0.0
       1d                      0.0

-- Automated Checks --
⚠️ Freshness: 1h last candle at 2025-08-30 17:00:00 UTC (2 days, 1:00:30.848062 ago) exceeds 2h.
⚠️ Freshness: 4h last candle at 2025-08-30 16:00:00 UTC (2 days, 2:00:30.848865 ago) exceeds 8h.
⚠️ Freshness: 1d last candle at 2025-08-30 00:00:00 UTC (2 days, 18:00:30.849405 ago) exceeds 48h.
✅ Dupes: 0 extra rows across all timeframes.

Saved: fetch_snapshots/snapshot_20250901-180030.csv
Saved: fetch_snapshots/dupes_20250901-180030.csv
=== Run completed at 20250901-180031 ===
