[CRON START] 2025-09-13 09:22:53 UTC (ts=20250913-092253)
=== Run started at 20250913-092253 ===
>>> Running fetch at 20250913-092253...
ðŸ“¦ Fetch v3.0.0 started at 09:22:54 UTC
ðŸ”§ Full refresh: False, Workers: 5, Top N: 0
ðŸ“ Output dir: ohlcv_parquet, Timeframes: ['1h', '4h', '1d']
ðŸ“Š Fetched 526 symbols

âœ… 1h: 863131 rows

âœ… 4h: 583339 rows

âœ… 1d: 418285 rows
ðŸŽ¯ Done in 127.5s | Total rows: 1864755
>>> Running health check at 20250913-092253...

====== Post-Fetch Health Report ======
UTC now: 2025-09-13 09:25:02 UTC
Parquet files: 3 | Size: 34.8 MB

-- Snapshot per timeframe --
timeframe   rows  distinct_symbols          max_ts_utc     max_ts_ms
       1h 863131               526 2025-09-13 09:00:00 1757754000000
       4h 583339               526 2025-09-13 08:00:00 1757750400000
       1d 418285               526 2025-09-13 00:00:00 1757721600000

-- Dupes summary (expect 0) --
timeframe  extra_rows_due_to_dupes
       1h                      0.0
       4h                      0.0
       1d                      0.0

-- Automated Checks --
âœ… Freshness: 1h up to 2025-09-13 09:00:00 UTC (0:25:02.601981 ago) within 2h.
âœ… Freshness: 4h up to 2025-09-13 08:00:00 UTC (1:25:02.602391 ago) within 8h.
âœ… Freshness: 1d up to 2025-09-13 00:00:00 UTC (9:25:02.602573 ago) within 48h.
âœ… Dupes: 0 extra rows across all timeframes.

Saved: fetch_snapshots/snapshot_20250913-092502.csv
Saved: fetch_snapshots/dupes_20250913-092502.csv
=== Run completed at 20250913-092502 ===
