[CRON START] 2025-08-24 21:05:00 UTC (ts=20250824-210500)
=== Run started at 20250824-210500 ===
>>> Running fetch at 20250824-210500...
📦 Fetch v3.0.0 started at 21:05:03 UTC
🔧 Full refresh: False, Workers: 5, Top N: 0
📁 Output dir: ohlcv_parquet, Timeframes: ['1h', '4h', '1d']
📊 Fetched 517 symbols

✅ 1h: 672103 rows

✅ 4h: 535530 rows

✅ 1d: 410127 rows
🎯 Done in 10979.2s | Total rows: 1617760
>>> Running health check at 20250824-210500...

====== Post-Fetch Health Report ======
UTC now: 2025-08-25 00:08:05 UTC
Parquet files: 3 | Size: 31.1 MB

-- Snapshot per timeframe --
timeframe   rows  distinct_symbols          max_ts_utc     max_ts_ms
       1h 672103               517 2025-08-24 22:00:00 1756072800000
       4h 535530               517 2025-08-24 20:00:00 1756065600000
       1d 410127               517 2025-08-25 00:00:00 1756080000000

-- Dupes summary (expect 0) --
timeframe  extra_rows_due_to_dupes
       1h                      0.0
       4h                      0.0
       1d                      0.0

-- Automated Checks --
⚠️ Freshness: 1h last candle at 2025-08-24 22:00:00 UTC (2:08:05.395150 ago) exceeds 2h.
✅ Freshness: 4h up to 2025-08-24 20:00:00 UTC (4:08:05.395916 ago) within 8h.
✅ Freshness: 1d up to 2025-08-25 00:00:00 UTC (0:08:05.396419 ago) within 48h.
✅ Dupes: 0 extra rows across all timeframes.

Saved: fetch_snapshots/snapshot_20250825-000805.csv
Saved: fetch_snapshots/dupes_20250825-000805.csv
=== Run completed at 20250825-000805 ===
