[CRON START] 2025-08-19 20:06:31 UTC (ts=20250819-200631)
=== Run started at 20250819-200631 ===
>>> Running fetch at 20250819-200631...
ðŸ“¦ Fetch v3.0.0 started at 20:06:35 UTC
ðŸ”§ Full refresh: False, Workers: 5, Top N: 0
ðŸ“ Output dir: ohlcv_parquet, Timeframes: ['1h', '4h', '1d']
ðŸ“Š Fetched 517 symbols

âœ… 1h: 622915 rows

âœ… 4h: 523380 rows

âœ… 1d: 408080 rows
ðŸŽ¯ Done in 152.9s | Total rows: 1554375
>>> Running health check at 20250819-200631...

====== Post-Fetch Health Report ======
UTC now: 2025-08-19 20:09:10 UTC
Parquet files: 3 | Size: 30.4 MB

-- Snapshot per timeframe --
timeframe   rows  distinct_symbols          max_ts_utc     max_ts_ms
       1h 622915               517 2025-08-19 20:00:00 1755633600000
       4h 523380               517 2025-08-19 20:00:00 1755633600000
       1d 408080               517 2025-08-19 00:00:00 1755561600000

-- Dupes summary (expect 0) --
timeframe  extra_rows_due_to_dupes
       1h                      0.0
       4h                      0.0
       1d                      0.0

-- Automated Checks --
âœ… Freshness: 1h up to 2025-08-19 20:00:00 UTC (0:09:10.509019 ago) within 2h.
âœ… Freshness: 4h up to 2025-08-19 20:00:00 UTC (0:09:10.509950 ago) within 8h.
âœ… Freshness: 1d up to 2025-08-19 00:00:00 UTC (20:09:10.510430 ago) within 48h.
âœ… Dupes: 0 extra rows across all timeframes.

Saved: fetch_snapshots/snapshot_20250819-200910.csv
Saved: fetch_snapshots/dupes_20250819-200910.csv
=== Run completed at 20250819-200910 ===
