[CRON START] 2025-08-21 16:05:00 UTC (ts=20250821-160500)
=== Run started at 20250821-160500 ===
>>> Running fetch at 20250821-160500...
ðŸ“¦ Fetch v3.0.0 started at 16:05:05 UTC
ðŸ”§ Full refresh: False, Workers: 5, Top N: 0
ðŸ“ Output dir: ohlcv_parquet, Timeframes: ['1h', '4h', '1d']
ðŸ“Š Fetched 517 symbols

âœ… 1h: 640735 rows

âœ… 4h: 527835 rows

âœ… 1d: 408890 rows
ðŸŽ¯ Done in 135.3s | Total rows: 1577460
>>> Running health check at 20250821-160500...

====== Post-Fetch Health Report ======
UTC now: 2025-08-21 16:07:23 UTC
Parquet files: 3 | Size: 30.8 MB

-- Snapshot per timeframe --
timeframe   rows  distinct_symbols          max_ts_utc     max_ts_ms
       1h 640735               517 2025-08-21 16:00:00 1755792000000
       4h 527835               517 2025-08-21 16:00:00 1755792000000
       1d 408890               517 2025-08-21 00:00:00 1755734400000

-- Dupes summary (expect 0) --
timeframe  extra_rows_due_to_dupes
       1h                      0.0
       4h                      0.0
       1d                      0.0

-- Automated Checks --
âœ… Freshness: 1h up to 2025-08-21 16:00:00 UTC (0:07:23.835525 ago) within 2h.
âœ… Freshness: 4h up to 2025-08-21 16:00:00 UTC (0:07:23.836248 ago) within 8h.
âœ… Freshness: 1d up to 2025-08-21 00:00:00 UTC (16:07:23.836753 ago) within 48h.
âœ… Dupes: 0 extra rows across all timeframes.

Saved: fetch_snapshots/snapshot_20250821-160723.csv
Saved: fetch_snapshots/dupes_20250821-160723.csv
=== Run completed at 20250821-160723 ===
