[CRON START] 2025-08-17 14:07:22 UTC (ts=20250817-140722)
=== Run started at 20250817-140722 ===
>>> Running fetch at 20250817-140722...
ðŸ“¦ Fetch v3.0.0 started at 14:07:26 UTC
ðŸ”§ Full refresh: False, Workers: 5, Top N: 0
ðŸ“ Output dir: ohlcv_parquet, Timeframes: ['1h', '4h', '1d']
ðŸ“Š Fetched 410 symbols

âœ… 1h: 495257 rows

âœ… 4h: 411831 rows

âœ… 1d: 314208 rows
ðŸŽ¯ Done in 10299.2s | Total rows: 1221296
>>> Running health check at 20250817-140722...

====== Post-Fetch Health Report ======
UTC now: 2025-08-17 16:59:08 UTC
Parquet files: 3 | Size: 23.4 MB

-- Snapshot per timeframe --
timeframe   rows  distinct_symbols          max_ts_utc     max_ts_ms
       1h 495257               410 2025-08-17 15:00:00 1755442800000
       4h 411831               410 2025-08-17 16:00:00 1755446400000
       1d 314208               410 2025-08-17 00:00:00 1755388800000

-- Dupes summary (expect 0) --
timeframe  extra_rows_due_to_dupes
       1h                      0.0
       4h                      0.0
       1d                      0.0

-- Automated Checks --
âœ… Freshness: 1h up to 2025-08-17 15:00:00 UTC (1:59:08.064825 ago) within 2h.
âœ… Freshness: 4h up to 2025-08-17 16:00:00 UTC (0:59:08.065776 ago) within 8h.
âœ… Freshness: 1d up to 2025-08-17 00:00:00 UTC (16:59:08.066262 ago) within 48h.
âœ… Dupes: 0 extra rows across all timeframes.

Saved: fetch_snapshots/snapshot_20250817-165908.csv
Saved: fetch_snapshots/dupes_20250817-165908.csv
=== Run completed at 20250817-165908 ===
