[CRON START] 2025-09-12 23:05:00 UTC (ts=20250912-230500)
=== Run started at 20250912-230500 ===
>>> Running fetch at 20250912-230500...
ðŸ“¦ Fetch v3.0.0 started at 23:05:03 UTC
ðŸ”§ Full refresh: False, Workers: 5, Top N: 0
ðŸ“ Output dir: ohlcv_parquet, Timeframes: ['1h', '4h', '1d']
ðŸ“Š Fetched 526 symbols

âœ… 1h: 858991 rows

âœ… 4h: 582097 rows

âœ… 1d: 417871 rows
ðŸŽ¯ Done in 134.5s | Total rows: 1858959
>>> Running health check at 20250912-230500...

====== Post-Fetch Health Report ======
UTC now: 2025-09-12 23:07:20 UTC
Parquet files: 3 | Size: 35.0 MB

-- Snapshot per timeframe --
timeframe   rows  distinct_symbols          max_ts_utc     max_ts_ms
       1h 858991               526 2025-09-12 23:00:00 1757718000000
       4h 582097               526 2025-09-12 20:00:00 1757707200000
       1d 417871               526 2025-09-12 00:00:00 1757635200000

-- Dupes summary (expect 0) --
timeframe  extra_rows_due_to_dupes
       1h                      0.0
       4h                      0.0
       1d                      0.0

-- Automated Checks --
âœ… Freshness: 1h up to 2025-09-12 23:00:00 UTC (0:07:20.768711 ago) within 2h.
âœ… Freshness: 4h up to 2025-09-12 20:00:00 UTC (3:07:20.769650 ago) within 8h.
âœ… Freshness: 1d up to 2025-09-12 00:00:00 UTC (23:07:20.770148 ago) within 48h.
âœ… Dupes: 0 extra rows across all timeframes.

Saved: fetch_snapshots/snapshot_20250912-230720.csv
Saved: fetch_snapshots/dupes_20250912-230720.csv
=== Run completed at 20250912-230720 ===
