[CRON START] 2025-08-21 10:05:01 UTC (ts=20250821-100501)
=== Run started at 20250821-100501 ===
>>> Running fetch at 20250821-100501...
ðŸ“¦ Fetch v3.0.0 started at 10:05:05 UTC
ðŸ”§ Full refresh: False, Workers: 5, Top N: 0
ðŸ“ Output dir: ohlcv_parquet, Timeframes: ['1h', '4h', '1d']
ðŸ“Š Fetched 517 symbols

âœ… 1h: 638305 rows

âœ… 4h: 527025 rows

âœ… 1d: 408890 rows
ðŸŽ¯ Done in 133.6s | Total rows: 1574220
>>> Running health check at 20250821-100501...

====== Post-Fetch Health Report ======
UTC now: 2025-08-21 10:07:21 UTC
Parquet files: 3 | Size: 30.7 MB

-- Snapshot per timeframe --
timeframe   rows  distinct_symbols          max_ts_utc     max_ts_ms
       1h 638305               517 2025-08-21 10:00:00 1755770400000
       4h 527025               517 2025-08-21 08:00:00 1755763200000
       1d 408890               517 2025-08-21 00:00:00 1755734400000

-- Dupes summary (expect 0) --
timeframe  extra_rows_due_to_dupes
       1h                      0.0
       4h                      0.0
       1d                      0.0

-- Automated Checks --
âœ… Freshness: 1h up to 2025-08-21 10:00:00 UTC (0:07:21.958882 ago) within 2h.
âœ… Freshness: 4h up to 2025-08-21 08:00:00 UTC (2:07:21.959591 ago) within 8h.
âœ… Freshness: 1d up to 2025-08-21 00:00:00 UTC (10:07:21.960110 ago) within 48h.
âœ… Dupes: 0 extra rows across all timeframes.

Saved: fetch_snapshots/snapshot_20250821-100721.csv
Saved: fetch_snapshots/dupes_20250821-100721.csv
=== Run completed at 20250821-100722 ===
