[CRON START] 2025-08-16 04:08:29 UTC (ts=20250816-040829)
=== Run started at 20250816-040829 ===
>>> Running fetch at 20250816-040829...
📦 Fetch v3.0.0 started at 04:08:32 UTC
🔧 Full refresh: False, Workers: 5, Top N: 0
📁 Output dir: ohlcv_parquet, Timeframes: ['1h', '4h', '1d']
📊 Fetched 410 symbols

✅ 1h: 481512 rows

✅ 4h: 408483 rows

✅ 1d: 313804 rows
🎯 Done in 14198.5s | Total rows: 1203799
>>> Running health check at 20250816-040829...

====== Post-Fetch Health Report ======
UTC now: 2025-08-16 08:05:13 UTC
Parquet files: 3 | Size: 23.3 MB

-- Snapshot per timeframe --
timeframe   rows  distinct_symbols          max_ts_utc     max_ts_ms
       1h 481512               410 2025-08-16 06:00:00 1755324000000
       4h 408483               410 2025-08-16 04:00:00 1755316800000
       1d 313804               410 2025-08-16 00:00:00 1755302400000

-- Dupes summary (expect 0) --
timeframe  extra_rows_due_to_dupes
       1h                      0.0
       4h                      0.0
       1d                      0.0

-- Automated Checks --
⚠️ Freshness: 1h last candle at 2025-08-16 06:00:00 UTC (2:05:13.670181 ago) exceeds 2h.
✅ Freshness: 4h up to 2025-08-16 04:00:00 UTC (4:05:13.671372 ago) within 8h.
✅ Freshness: 1d up to 2025-08-16 00:00:00 UTC (8:05:13.672060 ago) within 48h.
✅ Dupes: 0 extra rows across all timeframes.

Saved: fetch_snapshots/snapshot_20250816-080513.csv
Saved: fetch_snapshots/dupes_20250816-080513.csv
=== Run completed at 20250816-080513 ===
