[CRON START] 2025-09-09 00:05:01 UTC (ts=20250909-000500)
=== Run started at 20250909-000500 ===
>>> Running fetch at 20250909-000500...
ðŸ“¦ Fetch v3.0.0 started at 00:05:03 UTC
ðŸ”§ Full refresh: False, Workers: 5, Top N: 0
ðŸ“ Output dir: ohlcv_parquet, Timeframes: ['1h', '4h', '1d']
ðŸ“Š Fetched 522 symbols

âœ… 1h: 819829 rows

âœ… 4h: 572614 rows

âœ… 1d: 416630 rows
ðŸŽ¯ Done in 152.6s | Total rows: 1809073
>>> Running health check at 20250909-000500...

====== Post-Fetch Health Report ======
UTC now: 2025-09-09 00:07:38 UTC
Parquet files: 3 | Size: 34.4 MB

-- Snapshot per timeframe --
timeframe   rows  distinct_symbols max_ts_utc     max_ts_ms
       1h 819829               522 2025-09-09 1757376000000
       4h 572614               522 2025-09-09 1757376000000
       1d 416630               522 2025-09-09 1757376000000

-- Dupes summary (expect 0) --
timeframe  extra_rows_due_to_dupes
       1h                      0.0
       4h                      0.0
       1d                      0.0

-- Automated Checks --
âœ… Freshness: 1h up to 2025-09-09 00:00:00 UTC (0:07:38.806761 ago) within 2h.
âœ… Freshness: 4h up to 2025-09-09 00:00:00 UTC (0:07:38.807806 ago) within 8h.
âœ… Freshness: 1d up to 2025-09-09 00:00:00 UTC (0:07:38.808470 ago) within 48h.
âœ… Dupes: 0 extra rows across all timeframes.

Saved: fetch_snapshots/snapshot_20250909-000738.csv
Saved: fetch_snapshots/dupes_20250909-000738.csv
=== Run completed at 20250909-000738 ===
