[CRON START] 2025-08-14 23:05:00 UTC (ts=20250814-230500)
=== Run started at 20250814-230500 ===
>>> Running fetch at 20250814-230500...
ðŸ“¦ Fetch v3.0.0 started at 23:05:03 UTC
ðŸ”§ Full refresh: False, Workers: 5, Top N: 0
ðŸ“ Output dir: ohlcv_parquet, Timeframes: ['1h', '4h', '1d']
ðŸ“Š Fetched 410 symbols

âœ… 1h: 469617 rows

âœ… 4h: 405251 rows

âœ… 1d: 312996 rows
ðŸŽ¯ Done in 92.7s | Total rows: 1187864
>>> Running health check at 20250814-230500...

====== Post-Fetch Health Report ======
UTC now: 2025-08-14 23:06:38 UTC
Parquet files: 3 | Size: 22.6 MB

-- Snapshot per timeframe --
timeframe   rows  distinct_symbols          max_ts_utc     max_ts_ms
       1h 469617               410 2025-08-14 23:00:00 1755212400000
       4h 405251               410 2025-08-14 20:00:00 1755201600000
       1d 312996               410 2025-08-14 00:00:00 1755129600000

-- Dupes summary (expect 0) --
timeframe  extra_rows_due_to_dupes
       1h                      0.0
       4h                      0.0
       1d                      0.0

-- Automated Checks --
âœ… Freshness: 1h up to 2025-08-14 23:00:00 UTC (0:06:38.192978 ago) within 2h.
âœ… Freshness: 4h up to 2025-08-14 20:00:00 UTC (3:06:38.193910 ago) within 8h.
âœ… Freshness: 1d up to 2025-08-14 00:00:00 UTC (23:06:38.194395 ago) within 48h.
âœ… Dupes: 0 extra rows across all timeframes.

Saved: fetch_snapshots/snapshot_20250814-230638.csv
Saved: fetch_snapshots/dupes_20250814-230638.csv
=== Run completed at 20250814-230638 ===
