[CRON START] 2025-08-21 13:05:00 UTC (ts=20250821-130500)
=== Run started at 20250821-130500 ===
>>> Running fetch at 20250821-130500...
ðŸ“¦ Fetch v3.0.0 started at 13:05:03 UTC
ðŸ”§ Full refresh: False, Workers: 5, Top N: 0
ðŸ“ Output dir: ohlcv_parquet, Timeframes: ['1h', '4h', '1d']
ðŸ“Š Fetched 517 symbols

âœ… 1h: 639520 rows

âœ… 4h: 527430 rows

âœ… 1d: 408890 rows
ðŸŽ¯ Done in 116.2s | Total rows: 1575840
>>> Running health check at 20250821-130500...

====== Post-Fetch Health Report ======
UTC now: 2025-08-21 13:07:02 UTC
Parquet files: 3 | Size: 29.7 MB

-- Snapshot per timeframe --
timeframe   rows  distinct_symbols          max_ts_utc     max_ts_ms
       1h 639520               517 2025-08-21 13:00:00 1755781200000
       4h 527430               517 2025-08-21 12:00:00 1755777600000
       1d 408890               517 2025-08-21 00:00:00 1755734400000

-- Dupes summary (expect 0) --
timeframe  extra_rows_due_to_dupes
       1h                      0.0
       4h                      0.0
       1d                      0.0

-- Automated Checks --
âœ… Freshness: 1h up to 2025-08-21 13:00:00 UTC (0:07:02.398888 ago) within 2h.
âœ… Freshness: 4h up to 2025-08-21 12:00:00 UTC (1:07:02.399740 ago) within 8h.
âœ… Freshness: 1d up to 2025-08-21 00:00:00 UTC (13:07:02.400224 ago) within 48h.
âœ… Dupes: 0 extra rows across all timeframes.

Saved: fetch_snapshots/snapshot_20250821-130702.csv
Saved: fetch_snapshots/dupes_20250821-130702.csv
=== Run completed at 20250821-130702 ===
