[CRON START] 2025-08-22 10:07:31 UTC (ts=20250822-100731)
=== Run started at 20250822-100731 ===
>>> Running fetch at 20250822-100731...
📦 Fetch v3.0.0 started at 10:07:41 UTC
🔧 Full refresh: False, Workers: 5, Top N: 0
📁 Output dir: ohlcv_parquet, Timeframes: ['1h', '4h', '1d']
>>> Running health check at 20250822-100731...

====== Post-Fetch Health Report ======
UTC now: 2025-08-22 10:07:49 UTC
Parquet files: 3 | Size: 30.6 MB

-- Snapshot per timeframe --
timeframe   rows  distinct_symbols          max_ts_utc     max_ts_ms
       1h 645324               517 2025-08-22 04:00:00 1755835200000
       4h 529050               517 2025-08-22 04:00:00 1755835200000
       1d 409295               517 2025-08-22 00:00:00 1755820800000

-- Dupes summary (expect 0) --
timeframe  extra_rows_due_to_dupes
       1h                      0.0
       4h                      0.0
       1d                      0.0

-- Automated Checks --
⚠️ Freshness: 1h last candle at 2025-08-22 04:00:00 UTC (6:07:49.672818 ago) exceeds 2h.
✅ Freshness: 4h up to 2025-08-22 04:00:00 UTC (6:07:49.673784 ago) within 8h.
✅ Freshness: 1d up to 2025-08-22 00:00:00 UTC (10:07:49.674466 ago) within 48h.
✅ Dupes: 0 extra rows across all timeframes.

Saved: fetch_snapshots/snapshot_20250822-100749.csv
Saved: fetch_snapshots/dupes_20250822-100749.csv
=== Run completed at 20250822-100749 ===
