[CRON START] 2025-08-18 07:05:01 UTC (ts=20250818-070501)
=== Run started at 20250818-070501 ===
>>> Running fetch at 20250818-070501...
ðŸ“¦ Fetch v3.0.0 started at 07:05:05 UTC
ðŸ”§ Full refresh: False, Workers: 5, Top N: 0
ðŸ“ Output dir: ohlcv_parquet, Timeframes: ['1h', '4h', '1d']
ðŸ“Š Fetched 410 symbols

âœ… 1h: 502029 rows

âœ… 4h: 413735 rows

âœ… 1d: 314612 rows
ðŸŽ¯ Done in 7334.3s | Total rows: 1230376
>>> Running health check at 20250818-070501...

====== Post-Fetch Health Report ======
UTC now: 2025-08-18 09:07:22 UTC
Parquet files: 3 | Size: 23.6 MB

-- Snapshot per timeframe --
timeframe   rows  distinct_symbols          max_ts_utc     max_ts_ms
       1h 502029               410 2025-08-18 08:00:00 1755504000000
       4h 413735               410 2025-08-18 08:00:00 1755504000000
       1d 314612               410 2025-08-18 00:00:00 1755475200000

-- Dupes summary (expect 0) --
timeframe  extra_rows_due_to_dupes
       1h                      0.0
       4h                      0.0
       1d                      0.0

-- Automated Checks --
âœ… Freshness: 1h up to 2025-08-18 08:00:00 UTC (1:07:22.138255 ago) within 2h.
âœ… Freshness: 4h up to 2025-08-18 08:00:00 UTC (1:07:22.140203 ago) within 8h.
âœ… Freshness: 1d up to 2025-08-18 00:00:00 UTC (9:07:22.141323 ago) within 48h.
âœ… Dupes: 0 extra rows across all timeframes.

Saved: fetch_snapshots/snapshot_20250818-090722.csv
Saved: fetch_snapshots/dupes_20250818-090722.csv
=== Run completed at 20250818-090722 ===
