[CRON START] 2025-08-14 07:05:01 UTC (ts=20250814-070501)
=== Run started at 20250814-070501 ===
>>> Running fetch at 20250814-070501...
📦 Fetch v3.0.0 started at 07:06:34 UTC
🔧 Full refresh: False, Workers: 5, Top N: 0
📁 Output dir: ohlcv_parquet, Timeframes: ['1h', '4h', '1d']
>>> Running health check at 20250814-070501...

====== Post-Fetch Health Report ======
UTC now: 2025-08-14 07:06:43 UTC
Parquet files: 3 | Size: 23.0 MB

-- Snapshot per timeframe --
timeframe   rows  distinct_symbols max_ts_utc     max_ts_ms
       1h 460325               410 2025-08-14 1755129600000
       4h 403231               410 2025-08-14 1755129600000
       1d 312996               410 2025-08-14 1755129600000

-- Dupes summary (expect 0) --
timeframe  extra_rows_due_to_dupes
       1h                      0.0
       4h                      0.0
       1d                      0.0

-- Automated Checks --
⚠️ Freshness: 1h last candle at 2025-08-14 00:00:00 UTC (7:06:43.500506 ago) exceeds 2h.
✅ Freshness: 4h up to 2025-08-14 00:00:00 UTC (7:06:43.501320 ago) within 8h.
✅ Freshness: 1d up to 2025-08-14 00:00:00 UTC (7:06:43.502196 ago) within 48h.
✅ Dupes: 0 extra rows across all timeframes.

Saved: fetch_snapshots/snapshot_20250814-070643.csv
Saved: fetch_snapshots/dupes_20250814-070643.csv
=== Run completed at 20250814-070643 ===
