[CRON START] 2025-08-18 23:05:01 UTC (ts=20250818-230501)
=== Run started at 20250818-230501 ===
>>> Running fetch at 20250818-230501...
ðŸ“¦ Fetch v3.0.0 started at 23:05:03 UTC
ðŸ”§ Full refresh: False, Workers: 5, Top N: 0
ðŸ“ Output dir: ohlcv_parquet, Timeframes: ['1h', '4h', '1d']
ðŸ“Š Fetched 411 symbols

âœ… 1h: 508410 rows

âœ… 4h: 414950 rows

âœ… 1d: 314613 rows
ðŸŽ¯ Done in 105.7s | Total rows: 1237973
>>> Running health check at 20250818-230501...

====== Post-Fetch Health Report ======
UTC now: 2025-08-18 23:06:51 UTC
Parquet files: 3 | Size: 23.4 MB

-- Snapshot per timeframe --
timeframe   rows  distinct_symbols          max_ts_utc     max_ts_ms
       1h 508410               411 2025-08-18 23:00:00 1755558000000
       4h 414950               411 2025-08-18 20:00:00 1755547200000
       1d 314613               411 2025-08-18 00:00:00 1755475200000

-- Dupes summary (expect 0) --
timeframe  extra_rows_due_to_dupes
       1h                      0.0
       4h                      0.0
       1d                      0.0

-- Automated Checks --
âœ… Freshness: 1h up to 2025-08-18 23:00:00 UTC (0:06:51.340252 ago) within 2h.
âœ… Freshness: 4h up to 2025-08-18 20:00:00 UTC (3:06:51.341458 ago) within 8h.
âœ… Freshness: 1d up to 2025-08-18 00:00:00 UTC (23:06:51.341957 ago) within 48h.
âœ… Dupes: 0 extra rows across all timeframes.

Saved: fetch_snapshots/snapshot_20250818-230651.csv
Saved: fetch_snapshots/dupes_20250818-230651.csv
=== Run completed at 20250818-230651 ===
