[CRON START] 2025-08-29 20:05:00 UTC (ts=20250829-200500)
=== Run started at 20250829-200500 ===
>>> Running fetch at 20250829-200500...
ðŸ“¦ Fetch v3.0.0 started at 20:05:04 UTC
ðŸ”§ Full refresh: False, Workers: 5, Top N: 0
ðŸ“ Output dir: ohlcv_parquet, Timeframes: ['1h', '4h', '1d']
ðŸ“Š Fetched 519 symbols

âœ… 1h: 720174 rows

âœ… 4h: 547697 rows

âœ… 1d: 412134 rows
ðŸŽ¯ Done in 139.9s | Total rows: 1680005
>>> Running health check at 20250829-200500...

====== Post-Fetch Health Report ======
UTC now: 2025-08-29 20:07:27 UTC
Parquet files: 3 | Size: 32.6 MB

-- Snapshot per timeframe --
timeframe   rows  distinct_symbols          max_ts_utc     max_ts_ms
       1h 720174               519 2025-08-29 20:00:00 1756497600000
       4h 547697               519 2025-08-29 20:00:00 1756497600000
       1d 412134               519 2025-08-29 00:00:00 1756425600000

-- Dupes summary (expect 0) --
timeframe  extra_rows_due_to_dupes
       1h                      0.0
       4h                      0.0
       1d                      0.0

-- Automated Checks --
âœ… Freshness: 1h up to 2025-08-29 20:00:00 UTC (0:07:27.043819 ago) within 2h.
âœ… Freshness: 4h up to 2025-08-29 20:00:00 UTC (0:07:27.044461 ago) within 8h.
âœ… Freshness: 1d up to 2025-08-29 00:00:00 UTC (20:07:27.044941 ago) within 48h.
âœ… Dupes: 0 extra rows across all timeframes.

Saved: fetch_snapshots/snapshot_20250829-200727.csv
Saved: fetch_snapshots/dupes_20250829-200727.csv
=== Run completed at 20250829-200727 ===
