[CRON START] 2025-08-12 17:52:00 UTC (ts=20250812-175200)
=== Run started at 20250812-175200 ===
>>> Running fetch at 20250812-175200...
ðŸ“¦ Fetch v3.0.0 started at 17:52:03 UTC
ðŸ”§ Full refresh: False, Workers: 5, Top N: 0
ðŸ“ Output dir: ohlcv_parquet, Timeframes: ['1h', '4h', '1d']
ðŸ“Š Fetched 409 symbols

âœ… 1h: 447821 rows

âœ… 4h: 400003 rows

âœ… 1d: 312188 rows
ðŸŽ¯ Done in 93.5s | Total rows: 1160012
>>> Running health check at 20250812-175200...

====== Post-Fetch Health Report ======
UTC now: 2025-08-12 17:53:39 UTC
Parquet files: 3 | Size: 22.4 MB

-- Snapshot per timeframe --
timeframe   rows  distinct_symbols          max_ts_utc     max_ts_ms
       1h 447821               409 2025-08-12 17:00:00 1755018000000
       4h 400003               409 2025-08-12 16:00:00 1755014400000
       1d 312188               409 2025-08-12 00:00:00 1754956800000

-- Dupes summary (expect 0) --
timeframe  extra_rows_due_to_dupes
       1h                      0.0
       4h                      0.0
       1d                      0.0

-- Automated Checks --
âœ… Freshness: 1h up to 2025-08-12 17:00:00 UTC (0:53:39.057135 ago) within 2h.
âœ… Freshness: 4h up to 2025-08-12 16:00:00 UTC (1:53:39.058114 ago) within 8h.
âœ… Freshness: 1d up to 2025-08-12 00:00:00 UTC (17:53:39.058780 ago) within 48h.
âœ… Dupes: 0 extra rows across all timeframes.

Saved: fetch_snapshots/snapshot_20250812-175339.csv
Saved: fetch_snapshots/dupes_20250812-175339.csv
=== Run completed at 20250812-175339 ===
