[CRON START] 2025-08-19 21:05:01 UTC (ts=20250819-210501)
=== Run started at 20250819-210501 ===
>>> Running fetch at 20250819-210501...
ðŸ“¦ Fetch v3.0.0 started at 21:05:04 UTC
ðŸ”§ Full refresh: False, Workers: 5, Top N: 0
ðŸ“ Output dir: ohlcv_parquet, Timeframes: ['1h', '4h', '1d']
ðŸ“Š Fetched 517 symbols

âœ… 1h: 623320 rows

âœ… 4h: 523380 rows

âœ… 1d: 408080 rows
ðŸŽ¯ Done in 128.0s | Total rows: 1554780
>>> Running health check at 20250819-210501...

====== Post-Fetch Health Report ======
UTC now: 2025-08-19 21:07:14 UTC
Parquet files: 3 | Size: 29.7 MB

-- Snapshot per timeframe --
timeframe   rows  distinct_symbols          max_ts_utc     max_ts_ms
       1h 623320               517 2025-08-19 21:00:00 1755637200000
       4h 523380               517 2025-08-19 20:00:00 1755633600000
       1d 408080               517 2025-08-19 00:00:00 1755561600000

-- Dupes summary (expect 0) --
timeframe  extra_rows_due_to_dupes
       1h                      0.0
       4h                      0.0
       1d                      0.0

-- Automated Checks --
âœ… Freshness: 1h up to 2025-08-19 21:00:00 UTC (0:07:14.779012 ago) within 2h.
âœ… Freshness: 4h up to 2025-08-19 20:00:00 UTC (1:07:14.780234 ago) within 8h.
âœ… Freshness: 1d up to 2025-08-19 00:00:00 UTC (21:07:14.780879 ago) within 48h.
âœ… Dupes: 0 extra rows across all timeframes.

Saved: fetch_snapshots/snapshot_20250819-210714.csv
Saved: fetch_snapshots/dupes_20250819-210714.csv
=== Run completed at 20250819-210714 ===
