[CRON START] 2025-08-12 19:05:00 UTC (ts=20250812-190500)
=== Run started at 20250812-190500 ===
>>> Running fetch at 20250812-190500...
ðŸ“¦ Fetch v3.0.0 started at 19:05:03 UTC
ðŸ”§ Full refresh: False, Workers: 5, Top N: 0
ðŸ“ Output dir: ohlcv_parquet, Timeframes: ['1h', '4h', '1d']
ðŸ“Š Fetched 409 symbols

âœ… 1h: 448627 rows

âœ… 4h: 400003 rows

âœ… 1d: 312188 rows
ðŸŽ¯ Done in 91.6s | Total rows: 1160818
>>> Running health check at 20250812-190500...

====== Post-Fetch Health Report ======
UTC now: 2025-08-12 19:06:37 UTC
Parquet files: 3 | Size: 22.5 MB

-- Snapshot per timeframe --
timeframe   rows  distinct_symbols          max_ts_utc     max_ts_ms
       1h 448627               409 2025-08-12 19:00:00 1755025200000
       4h 400003               409 2025-08-12 16:00:00 1755014400000
       1d 312188               409 2025-08-12 00:00:00 1754956800000

-- Dupes summary (expect 0) --
timeframe  extra_rows_due_to_dupes
       1h                      0.0
       4h                      0.0
       1d                      0.0

-- Automated Checks --
âœ… Freshness: 1h up to 2025-08-12 19:00:00 UTC (0:06:37.834613 ago) within 2h.
âœ… Freshness: 4h up to 2025-08-12 16:00:00 UTC (3:06:37.835529 ago) within 8h.
âœ… Freshness: 1d up to 2025-08-12 00:00:00 UTC (19:06:37.836009 ago) within 48h.
âœ… Dupes: 0 extra rows across all timeframes.

Saved: fetch_snapshots/snapshot_20250812-190637.csv
Saved: fetch_snapshots/dupes_20250812-190637.csv
=== Run completed at 20250812-190637 ===
