[CRON START] 2025-09-05 18:05:01 UTC (ts=20250905-180501)
=== Run started at 20250905-180501 ===
>>> Running fetch at 20250905-180501...
ðŸ“¦ Fetch v3.0.0 started at 18:05:05 UTC
ðŸ”§ Full refresh: False, Workers: 5, Top N: 0
ðŸ“ Output dir: ohlcv_parquet, Timeframes: ['1h', '4h', '1d']
ðŸ“Š Fetched 521 symbols

âœ… 1h: 787915 rows

âœ… 4h: 564430 rows

âœ… 1d: 414992 rows
ðŸŽ¯ Done in 146.3s | Total rows: 1767337
>>> Running health check at 20250905-180501...

====== Post-Fetch Health Report ======
UTC now: 2025-09-05 18:07:34 UTC
Parquet files: 3 | Size: 34.0 MB

-- Snapshot per timeframe --
timeframe   rows  distinct_symbols          max_ts_utc     max_ts_ms
       1h 787915               521 2025-09-05 18:00:00 1757095200000
       4h 564430               521 2025-09-05 16:00:00 1757088000000
       1d 414992               521 2025-09-05 00:00:00 1757030400000

-- Dupes summary (expect 0) --
timeframe  extra_rows_due_to_dupes
       1h                      0.0
       4h                      0.0
       1d                      0.0

-- Automated Checks --
âœ… Freshness: 1h up to 2025-09-05 18:00:00 UTC (0:07:34.158279 ago) within 2h.
âœ… Freshness: 4h up to 2025-09-05 16:00:00 UTC (2:07:34.159298 ago) within 8h.
âœ… Freshness: 1d up to 2025-09-05 00:00:00 UTC (18:07:34.159811 ago) within 48h.
âœ… Dupes: 0 extra rows across all timeframes.

Saved: fetch_snapshots/snapshot_20250905-180734.csv
Saved: fetch_snapshots/dupes_20250905-180734.csv
=== Run completed at 20250905-180734 ===
